#
# A fatal error has been detected by the Java Runtime Environment:
#
#  SIGSEGV (0xb) at pc=0x00007f0891703f98, pid=33672, tid=33697
#
# JRE version: OpenJDK Runtime Environment Temurin-17.0.8.1+1 (17.0.8.1+1) (build 17.0.8.1+1)
# Java VM: OpenJDK 64-Bit Server VM Temurin-17.0.8.1+1 (17.0.8.1+1, mixed mode, tiered, compressed oops, compressed class ptrs, parallel gc, linux-amd64)
# Problematic frame:
# V  [libjvm.so+0x1219f98]
#
# Core dump will be written. Default location: Core dumps may be processed with "/usr/lib/systemd/systemd-coredump %P %u %g %s %t %c %h" (or dumping to /home/saksham/coding/CP/LeetCode/core.33672)
#
# If you would like to submit a bug report, please visit:
#   https://github.com/adoptium/adoptium-support/issues
#

---------------  S U M M A R Y ------------

Command Line: --add-modules=ALL-SYSTEM --add-opens=java.base/java.util=ALL-UNNAMED --add-opens=java.base/java.lang=ALL-UNNAMED --add-opens=java.base/sun.nio.fs=ALL-UNNAMED -Declipse.application=org.eclipse.jdt.ls.core.id1 -Dosgi.bundles.defaultStartLevel=4 -Declipse.product=org.eclipse.jdt.ls.core.product -Djava.import.generatesMetadataFilesAtProjectRoot=false -DDetectVMInstallationsJob.disabled=true -Dfile.encoding=utf8 -XX:+UseParallelGC -XX:GCTimeRatio=4 -XX:AdaptiveSizePolicyWeight=90 -Dsun.zip.disableMemoryMapping=true -Xmx1G -Xms100m -Xlog:disable -javaagent:/home/saksham/.vscode/extensions/redhat.java-1.24.0-linux-x64/lombok/lombok-1.18.30.jar /home/saksham/.vscode/extensions/redhat.java-1.24.0-linux-x64/server/plugins/org.eclipse.equinox.launcher_1.6.500.v20230717-2134.jar -configuration /home/saksham/.config/Code/User/globalStorage/redhat.java/1.24.0/config_ss_linux -data /home/saksham/.config/Code/User/workspaceStorage/ed2c1191843af0ee261a643605dcbe9a/redhat.java/ss_ws --stdio

Host: Intel(R) Core(TM) i5-10210U CPU @ 1.60GHz, 8 cores, 7G, Fedora release 36 (Thirty Six)
Time: Sat Nov 11 17:46:45 2023 IST elapsed time: 3.884606 seconds (0d 0h 0m 3s)

---------------  T H R E A D  ---------------

Current thread (0x00007f088c2156a0):  JavaThread "C2 CompilerThread0" daemon [_thread_in_native, id=33697, stack(0x00007f086da00000,0x00007f086db00000)]


Current CompileTask:
C2:   3884 3451       4       java.util.Spliterators$1Adapter::hasNext (23 bytes)

Stack: [0x00007f086da00000,0x00007f086db00000],  sp=0x00007f086dafb388,  free space=1004k
Native frames: (J=compiled Java code, j=interpreted, Vv=VM code, C=native code)
V  [libjvm.so+0x1219f98]
V  [libjvm.so+0x78989a]  PhaseCFG::global_code_motion()+0xea
V  [libjvm.so+0x78b24a]  PhaseCFG::do_global_code_motion()+0x4a
V  [libjvm.so+0x5d0dda]  Compile::Code_Gen()+0x29a
V  [libjvm.so+0x5d6b0b]  Compile::Compile(ciEnv*, ciMethod*, int, bool, bool, bool, bool, bool, DirectiveSet*)+0x148b
V  [libjvm.so+0x5162c9]  C2Compiler::compile_method(ciEnv*, ciMethod*, int, bool, DirectiveSet*)+0xe9
V  [libjvm.so+0x5df632]  CompileBroker::invoke_compiler_on_method(CompileTask*)+0xef2
V  [libjvm.so+0x5e0448]  CompileBroker::compiler_thread_loop()+0x678
V  [libjvm.so+0xe65584]  JavaThread::thread_main_inner()+0x184
V  [libjvm.so+0xe68d40]  Thread::call_run()+0xc0
V  [libjvm.so+0xc1e681]  thread_native_entry(Thread*)+0xe1


siginfo: si_signo: 11 (SIGSEGV), si_code: 2 (SEGV_ACCERR), si_addr: 0x00007f0891703f98

Register to memory mapping:

RAX=0x00007f088c222a38 points into unknown readable memory: 0x00007f0891703f98 | 98 3f 70 91 08 7f 00 00
RBX=0x0000000000000001 is an unknown value
RCX=0x00007f07c5916564 points into unknown readable memory: 00 00 00 01
RDX=0x0000000001000000 is an unknown value
RSP=0x00007f086dafb388 is pointing into the stack for thread: 0x00007f088c2156a0
RBP=0x00007f086dafb400 is pointing into the stack for thread: 0x00007f088c2156a0
RSI=0x0000000001000000 is an unknown value
RDI=0x00007f083c8a4848 points into unknown readable memory: 0x00007f088c222a38 | 38 2a 22 8c 08 7f 00 00
R8 =0x00007f07b40d2020 points into unknown readable memory: 0xf7dffbfeffdfffdf | df ff df ff fe fb df f7
R9 =0x0 is NULL
R10=0x00007f084006cd00 points into unknown readable memory: 0x00007f084006cf00 | 00 cf 06 40 08 7f 00 00
R11=0x0000000000000246 is an unknown value
R12=0x000000008c222a38 is an unknown value
R13=0x00007f083c8a4848 points into unknown readable memory: 0x00007f088c222a38 | 38 2a 22 8c 08 7f 00 00
R14=0x0000000004611151 is an unknown value
R15=0x00007f086dafb490 is pointing into the stack for thread: 0x00007f088c2156a0


Registers:
RAX=0x00007f088c222a38, RBX=0x0000000000000001, RCX=0x00007f07c5916564, RDX=0x0000000001000000
RSP=0x00007f086dafb388, RBP=0x00007f086dafb400, RSI=0x0000000001000000, RDI=0x00007f083c8a4848
R8 =0x00007f07b40d2020, R9 =0x0000000000000000, R10=0x00007f084006cd00, R11=0x0000000000000246
R12=0x000000008c222a38, R13=0x00007f083c8a4848, R14=0x0000000004611151, R15=0x00007f086dafb490
RIP=0x00007f0891703f98, EFLAGS=0x0000000000010246, CSGSFS=0x002b000000000033, ERR=0x0000000000000015
  TRAPNO=0x000000000000000e

Top of Stack: (sp=0x00007f086dafb388)
0x00007f086dafb388:   00007f0890c71f45 00007f08402529e0
0x00007f086dafb398:   00007f086dafb3b0 00007f086dafb850
0x00007f086dafb3a8:   0000000000000000 0000092b00000084
0x00007f086dafb3b8:   00007f08400681a0 0000000000000000 

Instructions: (pc=0x00007f0891703f98)
0x00007f0891703e98:   b0 2c 37 91 08 7f 00 00 00 00 00 00 00 00 00 00
0x00007f0891703ea8:   00 00 00 00 00 00 00 00 60 23 36 91 08 7f 00 00
0x00007f0891703eb8:   a0 c2 36 91 08 7f 00 00 30 42 15 91 08 7f 00 00
0x00007f0891703ec8:   40 42 15 91 08 7f 00 00 a0 26 36 91 08 7f 00 00
0x00007f0891703ed8:   b0 23 36 91 08 7f 00 00 60 1d 36 91 08 7f 00 00
0x00007f0891703ee8:   60 1d 36 91 08 7f 00 00 30 23 36 91 08 7f 00 00
0x00007f0891703ef8:   40 23 36 91 08 7f 00 00 10 23 36 91 08 7f 00 00
0x00007f0891703f08:   40 2c 37 91 08 7f 00 00 50 2c 37 91 08 7f 00 00
0x00007f0891703f18:   60 2c 37 91 08 7f 00 00 30 0e f8 90 08 7f 00 00
0x00007f0891703f28:   70 2c 37 91 08 7f 00 00 f0 d0 8a 90 08 7f 00 00
0x00007f0891703f38:   20 7d 0b 91 08 7f 00 00 80 2c 37 91 08 7f 00 00
0x00007f0891703f48:   90 2c 37 91 08 7f 00 00 a0 2c 37 91 08 7f 00 00
0x00007f0891703f58:   e0 2c 37 91 08 7f 00 00 20 2d 37 91 08 7f 00 00
0x00007f0891703f68:   40 2d 37 91 08 7f 00 00 10 2e 37 91 08 7f 00 00
0x00007f0891703f78:   c0 30 37 91 08 7f 00 00 50 23 36 91 08 7f 00 00
0x00007f0891703f88:   00 00 00 00 00 00 00 00 00 00 00 00 00 00 00 00
0x00007f0891703f98:   40 1d 36 91 08 7f 00 00 80 bc 36 91 08 7f 00 00
0x00007f0891703fa8:   30 42 15 91 08 7f 00 00 40 42 15 91 08 7f 00 00
0x00007f0891703fb8:   50 24 36 91 08 7f 00 00 90 2f 36 91 08 7f 00 00
0x00007f0891703fc8:   60 1d 36 91 08 7f 00 00 60 1d 36 91 08 7f 00 00
0x00007f0891703fd8:   70 1d 36 91 08 7f 00 00 a0 2a 36 91 08 7f 00 00
0x00007f0891703fe8:   50 1d 36 91 08 7f 00 00 40 2c 37 91 08 7f 00 00
0x00007f0891703ff8:   50 2c 37 91 08 7f 00 00 60 2c 37 91 08 7f 00 00
0x00007f0891704008:   30 0e f8 90 08 7f 00 00 70 2c 37 91 08 7f 00 00
0x00007f0891704018:   f0 d0 8a 90 08 7f 00 00 20 7d 0b 91 08 7f 00 00
0x00007f0891704028:   80 2c 37 91 08 7f 00 00 90 2c 37 91 08 7f 00 00
0x00007f0891704038:   a0 2c 37 91 08 7f 00 00 b0 2c 37 91 08 7f 00 00
0x00007f0891704048:   00 00 00 00 00 00 00 00 00 00 00 00 00 00 00 00
0x00007f0891704058:   a0 1d 36 91 08 7f 00 00 80 bc 36 91 08 7f 00 00
0x00007f0891704068:   30 42 15 91 08 7f 00 00 40 42 15 91 08 7f 00 00
0x00007f0891704078:   60 25 36 91 08 7f 00 00 90 1d 36 91 08 7f 00 00
0x00007f0891704088:   c0 1d 36 91 08 7f 00 00 e0 1d 36 91 08 7f 00 00 


Stack slot to memory mapping:
stack at sp + 0 slots: 0x00007f0890c71f45: <offset 0x0000000000787f45> in /home/saksham/.vscode/extensions/redhat.java-1.24.0-linux-x64/jre/17.0.8.1-linux-x86_64/lib/server/libjvm.so at 0x00007f08904ea000
stack at sp + 1 slots: 0x00007f08402529e0 points into unknown readable memory: 0x0000000000000000 | 00 00 00 00 00 00 00 00
stack at sp + 2 slots: 0x00007f086dafb3b0 is pointing into the stack for thread: 0x00007f088c2156a0
stack at sp + 3 slots: 0x00007f086dafb850 is pointing into the stack for thread: 0x00007f088c2156a0
stack at sp + 4 slots: 0x0 is NULL
stack at sp + 5 slots: 0x0000092b00000084 is an unknown value
stack at sp + 6 slots: 0x00007f08400681a0 points into unknown readable memory: 0x00007f083c6058c0 | c0 58 60 3c 08 7f 00 00
stack at sp + 7 slots: 0x0 is NULL


---------------  P R O C E S S  ---------------

Threads class SMR info:
_java_thread_list=0x00007f07f005d9a0, length=24, elements={
0x00007f088c027a90, 0x00007f088c1e6da0, 0x00007f088c1e8320, 0x00007f088c20f7b0,
0x00007f088c2130a0, 0x00007f088c214040, 0x00007f088c2156a0, 0x00007f088c216b60,
0x00007f088c21ffa0, 0x00007f088c2a5bd0, 0x00007f088c39e8f0, 0x00007f088c46f3c0,
0x00007f088c5b01e0, 0x00007f088c5f9c20, 0x00007f088c5fc3d0, 0x00007f08040336f0,
0x00007f08040b9350, 0x00007f0804234050, 0x00007f08042ed060, 0x00007f08042f62c0,
0x00007f088c60dba0, 0x00007f088c693650, 0x00007f088c6a2a60, 0x00007f07f0071ea0
}

Java Threads: ( => current thread )
  0x00007f088c027a90 JavaThread "main" [_thread_blocked, id=33675, stack(0x00007f0890307000,0x00007f0890407000)]
  0x00007f088c1e6da0 JavaThread "Reference Handler" daemon [_thread_blocked, id=33689, stack(0x00007f086df00000,0x00007f086e000000)]
  0x00007f088c1e8320 JavaThread "Finalizer" daemon [_thread_blocked, id=33690, stack(0x00007f086de00000,0x00007f086df00000)]
  0x00007f088c20f7b0 JavaThread "Signal Dispatcher" daemon [_thread_blocked, id=33694, stack(0x00007f086dd00000,0x00007f086de00000)]
  0x00007f088c2130a0 JavaThread "Service Thread" daemon [_thread_blocked, id=33695, stack(0x00007f086dc00000,0x00007f086dd00000)]
  0x00007f088c214040 JavaThread "Monitor Deflation Thread" daemon [_thread_blocked, id=33696, stack(0x00007f086db00000,0x00007f086dc00000)]
=>0x00007f088c2156a0 JavaThread "C2 CompilerThread0" daemon [_thread_in_native, id=33697, stack(0x00007f086da00000,0x00007f086db00000)]
  0x00007f088c216b60 JavaThread "C1 CompilerThread0" daemon [_thread_blocked, id=33698, stack(0x00007f086d900000,0x00007f086da00000)]
  0x00007f088c21ffa0 JavaThread "Sweeper thread" daemon [_thread_blocked, id=33699, stack(0x00007f086d800000,0x00007f086d900000)]
  0x00007f088c2a5bd0 JavaThread "Common-Cleaner" daemon [_thread_blocked, id=33709, stack(0x00007f086d700000,0x00007f086d800000)]
  0x00007f088c39e8f0 JavaThread "Notification Thread" daemon [_thread_blocked, id=33711, stack(0x00007f086d600000,0x00007f086d700000)]
  0x00007f088c46f3c0 JavaThread "process reaper" daemon [_thread_blocked, id=33716, stack(0x00007f08780a4000,0x00007f08780c6000)]
  0x00007f088c5b01e0 JavaThread "Active Thread: Equinox Container: dd3a8cd2-5a1c-47f9-ba98-6bcfc4cdae60" [_thread_blocked, id=33729, stack(0x00007f086ce4e000,0x00007f086cf4e000)]
  0x00007f088c5f9c20 JavaThread "Framework Event Dispatcher: Equinox Container: dd3a8cd2-5a1c-47f9-ba98-6bcfc4cdae60" daemon [_thread_blocked, id=33731, stack(0x00007f086cd4e000,0x00007f086ce4e000)]
  0x00007f088c5fc3d0 JavaThread "Start Level: Equinox Container: dd3a8cd2-5a1c-47f9-ba98-6bcfc4cdae60" daemon [_thread_blocked, id=33732, stack(0x00007f086cc4e000,0x00007f086cd4e000)]
  0x00007f08040336f0 JavaThread "SCR Component Actor" daemon [_thread_blocked, id=33733, stack(0x00007f086c900000,0x00007f086ca00000)]
  0x00007f08040b9350 JavaThread "SCR Component Registry" daemon [_thread_blocked, id=33740, stack(0x00007f086c5fc000,0x00007f086c6fc000)]
  0x00007f0804234050 JavaThread "Worker-JM" [_thread_blocked, id=33746, stack(0x00007f086c4fc000,0x00007f086c5fc000)]
  0x00007f08042ed060 JavaThread "Worker-0" [_thread_blocked, id=33750, stack(0x00007f086c3fc000,0x00007f086c4fc000)]
  0x00007f08042f62c0 JavaThread "Worker-1" [_thread_blocked, id=33751, stack(0x00007f086c2fc000,0x00007f086c3fc000)]
  0x00007f088c60dba0 JavaThread "pool-2-thread-1" [_thread_blocked, id=33759, stack(0x00007f086c1fc000,0x00007f086c2fc000)]
  0x00007f088c693650 JavaThread "WorkspaceEventsHandler" [_thread_blocked, id=33760, stack(0x00007f086c0fc000,0x00007f086c1fc000)]
  0x00007f088c6a2a60 JavaThread "pool-1-thread-1" [_thread_in_Java, id=33761, stack(0x00007f0852949000,0x00007f0852a49000)]
  0x00007f07f0071ea0 JavaThread "Worker-2" [_thread_blocked, id=33768, stack(0x00007f0852849000,0x00007f0852949000)]

Other Threads:
  0x00007f088c068cb0 VMThread "VM Thread" [stack: 0x00007f08780f0000,0x00007f08781f0000] [id=33688]
  0x00007f088c071a90 WatcherThread [stack: 0x00007f086d500000,0x00007f086d600000] [id=33712]
  0x00007f088c03f590 GCTaskThread "GC Thread#0" [stack: 0x00007f087a0e4000,0x00007f087a1e4000] [id=33685]
  0x00007f0868001230 GCTaskThread "GC Thread#1" [stack: 0x00007f086d358000,0x00007f086d458000] [id=33719]
  0x00007f08680030a0 GCTaskThread "GC Thread#2" [stack: 0x00007f086d256000,0x00007f086d356000] [id=33720]
  0x00007f0868003e40 GCTaskThread "GC Thread#3" [stack: 0x00007f086d154000,0x00007f086d254000] [id=33721]
  0x00007f0868004be0 GCTaskThread "GC Thread#4" [stack: 0x00007f086d052000,0x00007f086d152000] [id=33722]
  0x00007f08680059a0 GCTaskThread "GC Thread#5" [stack: 0x00007f086cf50000,0x00007f086d050000] [id=33723]
  0x00007f0868006bd0 GCTaskThread "GC Thread#6" [stack: 0x00007f086c800000,0x00007f086c900000] [id=33736]
  0x00007f0868007510 GCTaskThread "GC Thread#7" [stack: 0x00007f086c6fe000,0x00007f086c7fe000] [id=33737]

Threads with active compile tasks:
C2 CompilerThread0     3896 3451       4       java.util.Spliterators$1Adapter::hasNext (23 bytes)

VM state: not at safepoint (normal execution)

VM Mutex/Monitor currently owned by a thread: None

Heap address: 0x00000000c0000000, size: 1024 MB, Compressed Oops mode: 32-bit

CDS archive(s) not mapped
Compressed class space mapped at: 0x0000000100000000-0x0000000140000000, reserved size: 1073741824
Narrow klass base: 0x0000000000000000, Narrow klass shift: 3, Narrow klass range: 0x140000000

GC Precious Log:
 CPUs: 8 total, 8 available
 Memory: 7748M
 Large Page Support: Disabled
 NUMA Support: Disabled
 Compressed Oops: Enabled (32-bit)
 Alignments: Space 512K, Generation 512K, Heap 2M
 Heap Min Capacity: 100M
 Heap Initial Capacity: 100M
 Heap Max Capacity: 1G
 Pre-touch: Disabled
 Parallel Workers: 8

Heap:
 PSYoungGen      total 22016K, used 4856K [0x00000000eab00000, 0x00000000ec300000, 0x0000000100000000)
  eden space 21504K, 20% used [0x00000000eab00000,0x00000000eaf5e360,0x00000000ec000000)
  from space 512K, 75% used [0x00000000ec000000,0x00000000ec060000,0x00000000ec080000)
  to   space 1024K, 0% used [0x00000000ec200000,0x00000000ec200000,0x00000000ec300000)
 ParOldGen       total 68608K, used 24744K [0x00000000c0000000, 0x00000000c4300000, 0x00000000eab00000)
  object space 68608K, 36% used [0x00000000c0000000,0x00000000c182a360,0x00000000c4300000)
 Metaspace       used 39822K, committed 40512K, reserved 1114112K
  class space    used 4132K, committed 4480K, reserved 1048576K

Card table byte_map: [0x00007f087a1e4000,0x00007f087a3e5000] _byte_map_base: 0x00007f0879be4000

Marking Bits: (ParMarkBitMap*) 0x00007f089180bba0
 Begin Bits: [0x00007f0872000000, 0x00007f0873000000)
 End Bits:   [0x00007f0873000000, 0x00007f0874000000)

Polling page: 0x00007f0891a80000

Metaspace:

Usage:
  Non-class:     34.85 MB used.
      Class:      4.04 MB used.
       Both:     38.89 MB used.

Virtual space:
  Non-class space:       64.00 MB reserved,      35.19 MB ( 55%) committed,  1 nodes.
      Class space:        1.00 GB reserved,       4.38 MB ( <1%) committed,  1 nodes.
             Both:        1.06 GB reserved,      39.56 MB (  4%) committed. 

Chunk freelists:
   Non-Class:  12.58 MB
       Class:  11.66 MB
        Both:  24.23 MB

MaxMetaspaceSize: unlimited
CompressedClassSpaceSize: 1.00 GB
Initial GC threshold: 21.00 MB
Current GC threshold: 58.38 MB
CDS: off
MetaspaceReclaimPolicy: balanced
 - commit_granule_bytes: 65536.
 - commit_granule_words: 8192.
 - virtual_space_node_default_size: 8388608.
 - enlarge_chunks_in_place: 1.
 - new_chunks_are_fully_committed: 0.
 - uncommit_free_chunks: 1.
 - use_allocation_guard: 0.
 - handle_deallocations: 1.


Internal statistics:

num_allocs_failed_limit: 6.
num_arena_births: 362.
num_arena_deaths: 14.
num_vsnodes_births: 2.
num_vsnodes_deaths: 0.
num_space_committed: 633.
num_space_uncommitted: 0.
num_chunks_returned_to_freelist: 20.
num_chunks_taken_from_freelist: 1609.
num_chunk_merges: 7.
num_chunk_splits: 1070.
num_chunks_enlarged: 738.
num_inconsistent_stats: 0.

CodeHeap 'non-profiled nmethods': size=120028Kb used=1336Kb max_used=1336Kb free=118691Kb
 bounds [0x00007f0881eae000, 0x00007f088211e000, 0x00007f08893e5000]
CodeHeap 'profiled nmethods': size=120028Kb used=7482Kb max_used=7482Kb free=112546Kb
 bounds [0x00007f087a3e5000, 0x00007f087ab35000, 0x00007f088191c000]
CodeHeap 'non-nmethods': size=5704Kb used=1279Kb max_used=1294Kb free=4424Kb
 bounds [0x00007f088191c000, 0x00007f0881b8c000, 0x00007f0881eae000]
 total_blobs=4390 nmethods=3779 adapters=525
 compilation: enabled
              stopped_count=0, restarted_count=0
 full_count=0

Compilation events (20 events):
Event: 3.847 Thread 0x00007f088c216b60 nmethod 3821 0x00007f087ab2b790 code [0x00007f087ab2b940, 0x00007f087ab2bc60]
Event: 3.847 Thread 0x00007f088c216b60 3822       2       sun.reflect.generics.reflectiveObjects.ParameterizedTypeImpl::make (11 bytes)
Event: 3.847 Thread 0x00007f088c216b60 nmethod 3822 0x00007f087ab2be10 code [0x00007f087ab2bfc0, 0x00007f087ab2c1b0]
Event: 3.848 Thread 0x00007f088c216b60 3823       2       java.lang.Class::getInterfaces (6 bytes)
Event: 3.848 Thread 0x00007f088c216b60 nmethod 3823 0x00007f087ab2c310 code [0x00007f087ab2c4c0, 0x00007f087ab2c5e0]
Event: 3.848 Thread 0x00007f088c216b60 3824       2       jdk.internal.org.objectweb.asm.ClassWriter::visit (160 bytes)
Event: 3.849 Thread 0x00007f088c216b60 nmethod 3824 0x00007f087ab2c690 code [0x00007f087ab2c880, 0x00007f087ab2ccd0]
Event: 3.849 Thread 0x00007f088c216b60 3826       2       jdk.internal.org.objectweb.asm.MethodWriter::putAbstractTypes (31 bytes)
Event: 3.849 Thread 0x00007f088c216b60 nmethod 3826 0x00007f087ab2d010 code [0x00007f087ab2d1c0, 0x00007f087ab2d380]
Event: 3.849 Thread 0x00007f088c216b60 3827       2       jdk.internal.org.objectweb.asm.Edge::<init> (20 bytes)
Event: 3.850 Thread 0x00007f088c216b60 nmethod 3827 0x00007f087ab2d490 code [0x00007f087ab2d620, 0x00007f087ab2d750]
Event: 3.850 Thread 0x00007f088c216b60 3825       2       jdk.internal.org.objectweb.asm.SymbolTable::setMajorVersionAndClassName (19 bytes)
Event: 3.850 Thread 0x00007f088c216b60 nmethod 3825 0x00007f087ab2d810 code [0x00007f087ab2d9c0, 0x00007f087ab2db00]
Event: 3.850 Thread 0x00007f088c216b60 3828       2       jdk.internal.org.objectweb.asm.SymbolTable::putBootstrapMethods (56 bytes)
Event: 3.850 Thread 0x00007f088c216b60 nmethod 3828 0x00007f087ab2dc10 code [0x00007f087ab2de00, 0x00007f087ab2e000]
Event: 3.851 Thread 0x00007f088c216b60 3829       2       java.nio.HeapByteBuffer::ix (7 bytes)
Event: 3.851 Thread 0x00007f088c216b60 nmethod 3829 0x00007f087ab2e210 code [0x00007f087ab2e3a0, 0x00007f087ab2e4b0]
Event: 3.859 Thread 0x00007f088c216b60 3830       2       jdk.internal.loader.AbstractClassLoaderValue$Sub::hashCode (19 bytes)
Event: 3.860 Thread 0x00007f088c216b60 nmethod 3830 0x00007f087ab2e510 code [0x00007f087ab2e6c0, 0x00007f087ab2e830]
Event: 3.863 Thread 0x00007f088c216b60 3831       2       sun.reflect.generics.parser.SignatureParser::parseZeroOrMoreFormalTypeParameters (19 bytes)

GC Heap History (20 events):
Event: 2.002 GC heap after
{Heap after GC invocations=7 (full 1):
 PSYoungGen      total 25600K, used 957K [0x00000000eab00000, 0x00000000ec700000, 0x0000000100000000)
  eden space 24576K, 0% used [0x00000000eab00000,0x00000000eab00000,0x00000000ec300000)
  from space 1024K, 93% used [0x00000000ec600000,0x00000000ec6ef4c8,0x00000000ec700000)
  to   space 1536K, 0% used [0x00000000ec400000,0x00000000ec400000,0x00000000ec580000)
 ParOldGen       total 68608K, used 7034K [0x00000000c0000000, 0x00000000c4300000, 0x00000000eab00000)
  object space 68608K, 10% used [0x00000000c0000000,0x00000000c06de810,0x00000000c4300000)
 Metaspace       used 27566K, committed 28096K, reserved 1114112K
  class space    used 2691K, committed 2944K, reserved 1048576K
}
Event: 2.777 GC heap before
{Heap before GC invocations=8 (full 1):
 PSYoungGen      total 25600K, used 25533K [0x00000000eab00000, 0x00000000ec700000, 0x0000000100000000)
  eden space 24576K, 100% used [0x00000000eab00000,0x00000000ec300000,0x00000000ec300000)
  from space 1024K, 93% used [0x00000000ec600000,0x00000000ec6ef4c8,0x00000000ec700000)
  to   space 1536K, 0% used [0x00000000ec400000,0x00000000ec400000,0x00000000ec580000)
 ParOldGen       total 68608K, used 7034K [0x00000000c0000000, 0x00000000c4300000, 0x00000000eab00000)
  object space 68608K, 10% used [0x00000000c0000000,0x00000000c06de810,0x00000000c4300000)
 Metaspace       used 31857K, committed 32576K, reserved 1114112K
  class space    used 3183K, committed 3456K, reserved 1048576K
}
Event: 2.780 GC heap after
{Heap after GC invocations=8 (full 1):
 PSYoungGen      total 25600K, used 1527K [0x00000000eab00000, 0x00000000ec980000, 0x0000000100000000)
  eden space 24064K, 0% used [0x00000000eab00000,0x00000000eab00000,0x00000000ec280000)
  from space 1536K, 99% used [0x00000000ec400000,0x00000000ec57dc28,0x00000000ec580000)
  to   space 3584K, 0% used [0x00000000ec600000,0x00000000ec600000,0x00000000ec980000)
 ParOldGen       total 68608K, used 8369K [0x00000000c0000000, 0x00000000c4300000, 0x00000000eab00000)
  object space 68608K, 12% used [0x00000000c0000000,0x00000000c082c408,0x00000000c4300000)
 Metaspace       used 31857K, committed 32576K, reserved 1114112K
  class space    used 3183K, committed 3456K, reserved 1048576K
}
Event: 3.014 GC heap before
{Heap before GC invocations=9 (full 1):
 PSYoungGen      total 25600K, used 20512K [0x00000000eab00000, 0x00000000ec980000, 0x0000000100000000)
  eden space 24064K, 78% used [0x00000000eab00000,0x00000000ebd8a670,0x00000000ec280000)
  from space 1536K, 99% used [0x00000000ec400000,0x00000000ec57dc28,0x00000000ec580000)
  to   space 3584K, 0% used [0x00000000ec600000,0x00000000ec600000,0x00000000ec980000)
 ParOldGen       total 68608K, used 8369K [0x00000000c0000000, 0x00000000c4300000, 0x00000000eab00000)
  object space 68608K, 12% used [0x00000000c0000000,0x00000000c082c408,0x00000000c4300000)
 Metaspace       used 35123K, committed 35840K, reserved 1114112K
  class space    used 3589K, committed 3904K, reserved 1048576K
}
Event: 3.016 GC heap after
{Heap after GC invocations=9 (full 1):
 PSYoungGen      total 27648K, used 3012K [0x00000000eab00000, 0x00000000ec980000, 0x0000000100000000)
  eden space 24064K, 0% used [0x00000000eab00000,0x00000000eab00000,0x00000000ec280000)
  from space 3584K, 84% used [0x00000000ec600000,0x00000000ec8f1288,0x00000000ec980000)
  to   space 3584K, 0% used [0x00000000ec280000,0x00000000ec280000,0x00000000ec600000)
 ParOldGen       total 68608K, used 8377K [0x00000000c0000000, 0x00000000c4300000, 0x00000000eab00000)
  object space 68608K, 12% used [0x00000000c0000000,0x00000000c082e408,0x00000000c4300000)
 Metaspace       used 35123K, committed 35840K, reserved 1114112K
  class space    used 3589K, committed 3904K, reserved 1048576K
}
Event: 3.016 GC heap before
{Heap before GC invocations=10 (full 2):
 PSYoungGen      total 27648K, used 3012K [0x00000000eab00000, 0x00000000ec980000, 0x0000000100000000)
  eden space 24064K, 0% used [0x00000000eab00000,0x00000000eab00000,0x00000000ec280000)
  from space 3584K, 84% used [0x00000000ec600000,0x00000000ec8f1288,0x00000000ec980000)
  to   space 3584K, 0% used [0x00000000ec280000,0x00000000ec280000,0x00000000ec600000)
 ParOldGen       total 68608K, used 8377K [0x00000000c0000000, 0x00000000c4300000, 0x00000000eab00000)
  object space 68608K, 12% used [0x00000000c0000000,0x00000000c082e408,0x00000000c4300000)
 Metaspace       used 35123K, committed 35840K, reserved 1114112K
  class space    used 3589K, committed 3904K, reserved 1048576K
}
Event: 3.042 GC heap after
{Heap after GC invocations=10 (full 2):
 PSYoungGen      total 27648K, used 0K [0x00000000eab00000, 0x00000000ec980000, 0x0000000100000000)
  eden space 24064K, 0% used [0x00000000eab00000,0x00000000eab00000,0x00000000ec280000)
  from space 3584K, 0% used [0x00000000ec600000,0x00000000ec600000,0x00000000ec980000)
  to   space 3584K, 0% used [0x00000000ec280000,0x00000000ec280000,0x00000000ec600000)
 ParOldGen       total 68608K, used 11029K [0x00000000c0000000, 0x00000000c4300000, 0x00000000eab00000)
  object space 68608K, 16% used [0x00000000c0000000,0x00000000c0ac5758,0x00000000c4300000)
 Metaspace       used 35123K, committed 35840K, reserved 1114112K
  class space    used 3589K, committed 3904K, reserved 1048576K
}
Event: 3.242 GC heap before
{Heap before GC invocations=11 (full 2):
 PSYoungGen      total 27648K, used 24064K [0x00000000eab00000, 0x00000000ec980000, 0x0000000100000000)
  eden space 24064K, 100% used [0x00000000eab00000,0x00000000ec280000,0x00000000ec280000)
  from space 3584K, 0% used [0x00000000ec600000,0x00000000ec600000,0x00000000ec980000)
  to   space 3584K, 0% used [0x00000000ec280000,0x00000000ec280000,0x00000000ec600000)
 ParOldGen       total 68608K, used 11029K [0x00000000c0000000, 0x00000000c4300000, 0x00000000eab00000)
  object space 68608K, 16% used [0x00000000c0000000,0x00000000c0ac5758,0x00000000c4300000)
 Metaspace       used 36043K, committed 36800K, reserved 1114112K
  class space    used 3693K, committed 4032K, reserved 1048576K
}
Event: 3.244 GC heap after
{Heap after GC invocations=11 (full 2):
 PSYoungGen      total 26112K, used 2432K [0x00000000eab00000, 0x00000000ec800000, 0x0000000100000000)
  eden space 23552K, 0% used [0x00000000eab00000,0x00000000eab00000,0x00000000ec200000)
  from space 2560K, 95% used [0x00000000ec280000,0x00000000ec4e0020,0x00000000ec500000)
  to   space 3072K, 0% used [0x00000000ec500000,0x00000000ec500000,0x00000000ec800000)
 ParOldGen       total 68608K, used 11037K [0x00000000c0000000, 0x00000000c4300000, 0x00000000eab00000)
  object space 68608K, 16% used [0x00000000c0000000,0x00000000c0ac7758,0x00000000c4300000)
 Metaspace       used 36043K, committed 36800K, reserved 1114112K
  class space    used 3693K, committed 4032K, reserved 1048576K
}
Event: 3.336 GC heap before
{Heap before GC invocations=12 (full 2):
 PSYoungGen      total 26112K, used 25984K [0x00000000eab00000, 0x00000000ec800000, 0x0000000100000000)
  eden space 23552K, 100% used [0x00000000eab00000,0x00000000ec200000,0x00000000ec200000)
  from space 2560K, 95% used [0x00000000ec280000,0x00000000ec4e0020,0x00000000ec500000)
  to   space 3072K, 0% used [0x00000000ec500000,0x00000000ec500000,0x00000000ec800000)
 ParOldGen       total 68608K, used 11037K [0x00000000c0000000, 0x00000000c4300000, 0x00000000eab00000)
  object space 68608K, 16% used [0x00000000c0000000,0x00000000c0ac7758,0x00000000c4300000)
 Metaspace       used 36116K, committed 36864K, reserved 1114112K
  class space    used 3695K, committed 4032K, reserved 1048576K
}
Event: 3.341 GC heap after
{Heap after GC invocations=12 (full 2):
 PSYoungGen      total 24576K, used 3040K [0x00000000eab00000, 0x00000000ecb80000, 0x0000000100000000)
  eden space 21504K, 0% used [0x00000000eab00000,0x00000000eab00000,0x00000000ec000000)
  from space 3072K, 98% used [0x00000000ec500000,0x00000000ec7f8020,0x00000000ec800000)
  to   space 5120K, 0% used [0x00000000ec000000,0x00000000ec000000,0x00000000ec500000)
 ParOldGen       total 68608K, used 12653K [0x00000000c0000000, 0x00000000c4300000, 0x00000000eab00000)
  object space 68608K, 18% used [0x00000000c0000000,0x00000000c0c5b758,0x00000000c4300000)
 Metaspace       used 36116K, committed 36864K, reserved 1114112K
  class space    used 3695K, committed 4032K, reserved 1048576K
}
Event: 3.392 GC heap before
{Heap before GC invocations=13 (full 2):
 PSYoungGen      total 24576K, used 24544K [0x00000000eab00000, 0x00000000ecb80000, 0x0000000100000000)
  eden space 21504K, 100% used [0x00000000eab00000,0x00000000ec000000,0x00000000ec000000)
  from space 3072K, 98% used [0x00000000ec500000,0x00000000ec7f8020,0x00000000ec800000)
  to   space 5120K, 0% used [0x00000000ec000000,0x00000000ec000000,0x00000000ec500000)
 ParOldGen       total 68608K, used 12653K [0x00000000c0000000, 0x00000000c4300000, 0x00000000eab00000)
  object space 68608K, 18% used [0x00000000c0000000,0x00000000c0c5b758,0x00000000c4300000)
 Metaspace       used 36182K, committed 36928K, reserved 1114112K
  class space    used 3708K, committed 4032K, reserved 1048576K
}
Event: 3.396 GC heap after
{Heap after GC invocations=13 (full 2):
 PSYoungGen      total 24576K, used 2720K [0x00000000eab00000, 0x00000000ec700000, 0x0000000100000000)
  eden space 21504K, 0% used [0x00000000eab00000,0x00000000eab00000,0x00000000ec000000)
  from space 3072K, 88% used [0x00000000ec000000,0x00000000ec2a8010,0x00000000ec300000)
  to   space 3584K, 0% used [0x00000000ec380000,0x00000000ec380000,0x00000000ec700000)
 ParOldGen       total 68608K, used 15642K [0x00000000c0000000, 0x00000000c4300000, 0x00000000eab00000)
  object space 68608K, 22% used [0x00000000c0000000,0x00000000c0f46ae0,0x00000000c4300000)
 Metaspace       used 36182K, committed 36928K, reserved 1114112K
  class space    used 3708K, committed 4032K, reserved 1048576K
}
Event: 3.433 GC heap before
{Heap before GC invocations=14 (full 2):
 PSYoungGen      total 24576K, used 24224K [0x00000000eab00000, 0x00000000ec700000, 0x0000000100000000)
  eden space 21504K, 100% used [0x00000000eab00000,0x00000000ec000000,0x00000000ec000000)
  from space 3072K, 88% used [0x00000000ec000000,0x00000000ec2a8010,0x00000000ec300000)
  to   space 3584K, 0% used [0x00000000ec380000,0x00000000ec380000,0x00000000ec700000)
 ParOldGen       total 68608K, used 15642K [0x00000000c0000000, 0x00000000c4300000, 0x00000000eab00000)
  object space 68608K, 22% used [0x00000000c0000000,0x00000000c0f46ae0,0x00000000c4300000)
 Metaspace       used 36186K, committed 36928K, reserved 1114112K
  class space    used 3708K, committed 4032K, reserved 1048576K
}
Event: 3.440 GC heap after
{Heap after GC invocations=14 (full 2):
 PSYoungGen      total 24576K, used 2720K [0x00000000eab00000, 0x00000000ec680000, 0x0000000100000000)
  eden space 21504K, 0% used [0x00000000eab00000,0x00000000eab00000,0x00000000ec000000)
  from space 3072K, 88% used [0x00000000ec380000,0x00000000ec628010,0x00000000ec680000)
  to   space 3072K, 0% used [0x00000000ec000000,0x00000000ec000000,0x00000000ec300000)
 ParOldGen       total 68608K, used 18238K [0x00000000c0000000, 0x00000000c4300000, 0x00000000eab00000)
  object space 68608K, 26% used [0x00000000c0000000,0x00000000c11cf9b0,0x00000000c4300000)
 Metaspace       used 36186K, committed 36928K, reserved 1114112K
  class space    used 3708K, committed 4032K, reserved 1048576K
}
Event: 3.478 GC heap before
{Heap before GC invocations=15 (full 2):
 PSYoungGen      total 24576K, used 24224K [0x00000000eab00000, 0x00000000ec680000, 0x0000000100000000)
  eden space 21504K, 100% used [0x00000000eab00000,0x00000000ec000000,0x00000000ec000000)
  from space 3072K, 88% used [0x00000000ec380000,0x00000000ec628010,0x00000000ec680000)
  to   space 3072K, 0% used [0x00000000ec000000,0x00000000ec000000,0x00000000ec300000)
 ParOldGen       total 68608K, used 18238K [0x00000000c0000000, 0x00000000c4300000, 0x00000000eab00000)
  object space 68608K, 26% used [0x00000000c0000000,0x00000000c11cf9b0,0x00000000c4300000)
 Metaspace       used 36186K, committed 36928K, reserved 1114112K
  class space    used 3708K, committed 4032K, reserved 1048576K
}
Event: 3.482 GC heap after
{Heap after GC invocations=15 (full 2):
 PSYoungGen      total 24064K, used 2208K [0x00000000eab00000, 0x00000000ec500000, 0x0000000100000000)
  eden space 21504K, 0% used [0x00000000eab00000,0x00000000eab00000,0x00000000ec000000)
  from space 2560K, 86% used [0x00000000ec000000,0x00000000ec228000,0x00000000ec280000)
  to   space 2560K, 0% used [0x00000000ec280000,0x00000000ec280000,0x00000000ec500000)
 ParOldGen       total 68608K, used 20830K [0x00000000c0000000, 0x00000000c4300000, 0x00000000eab00000)
  object space 68608K, 30% used [0x00000000c0000000,0x00000000c14579c0,0x00000000c4300000)
 Metaspace       used 36186K, committed 36928K, reserved 1114112K
  class space    used 3708K, committed 4032K, reserved 1048576K
}
Event: 3.711 GC heap before
{Heap before GC invocations=16 (full 2):
 PSYoungGen      total 24064K, used 23657K [0x00000000eab00000, 0x00000000ec500000, 0x0000000100000000)
  eden space 21504K, 99% used [0x00000000eab00000,0x00000000ebff27e0,0x00000000ec000000)
  from space 2560K, 86% used [0x00000000ec000000,0x00000000ec228000,0x00000000ec280000)
  to   space 2560K, 0% used [0x00000000ec280000,0x00000000ec280000,0x00000000ec500000)
 ParOldGen       total 68608K, used 20830K [0x00000000c0000000, 0x00000000c4300000, 0x00000000eab00000)
  object space 68608K, 30% used [0x00000000c0000000,0x00000000c14579c0,0x00000000c4300000)
 Metaspace       used 38518K, committed 39296K, reserved 1114112K
  class space    used 3981K, committed 4352K, reserved 1048576K
}
Event: 3.716 GC heap after
{Heap after GC invocations=16 (full 2):
 PSYoungGen      total 24064K, used 1960K [0x00000000eab00000, 0x00000000ec500000, 0x0000000100000000)
  eden space 21504K, 0% used [0x00000000eab00000,0x00000000eab00000,0x00000000ec000000)
  from space 2560K, 76% used [0x00000000ec280000,0x00000000ec46a128,0x00000000ec500000)
  to   space 2560K, 0% used [0x00000000ec000000,0x00000000ec000000,0x00000000ec280000)
 ParOldGen       total 68608K, used 22929K [0x00000000c0000000, 0x00000000c4300000, 0x00000000eab00000)
  object space 68608K, 33% used [0x00000000c0000000,0x00000000c1664598,0x00000000c4300000)
 Metaspace       used 38518K, committed 39296K, reserved 1114112K
  class space    used 3981K, committed 4352K, reserved 1048576K
}
Event: 3.863 GC heap before
{Heap before GC invocations=17 (full 2):
 PSYoungGen      total 24064K, used 23457K [0x00000000eab00000, 0x00000000ec500000, 0x0000000100000000)
  eden space 21504K, 99% used [0x00000000eab00000,0x00000000ebffe528,0x00000000ec000000)
  from space 2560K, 76% used [0x00000000ec280000,0x00000000ec46a128,0x00000000ec500000)
  to   space 2560K, 0% used [0x00000000ec000000,0x00000000ec000000,0x00000000ec280000)
 ParOldGen       total 68608K, used 22929K [0x00000000c0000000, 0x00000000c4300000, 0x00000000eab00000)
  object space 68608K, 33% used [0x00000000c0000000,0x00000000c1664598,0x00000000c4300000)
 Metaspace       used 39517K, committed 40192K, reserved 1114112K
  class space    used 4104K, committed 4416K, reserved 1048576K
}

Dll operation events (9 events):
Event: 0.009 Loaded shared library /home/saksham/.vscode/extensions/redhat.java-1.24.0-linux-x64/jre/17.0.8.1-linux-x86_64/lib/libjava.so
Event: 0.149 Loaded shared library /home/saksham/.vscode/extensions/redhat.java-1.24.0-linux-x64/jre/17.0.8.1-linux-x86_64/lib/libzip.so
Event: 0.158 Loaded shared library /home/saksham/.vscode/extensions/redhat.java-1.24.0-linux-x64/jre/17.0.8.1-linux-x86_64/lib/libinstrument.so
Event: 0.168 Loaded shared library /home/saksham/.vscode/extensions/redhat.java-1.24.0-linux-x64/jre/17.0.8.1-linux-x86_64/lib/libnio.so
Event: 0.177 Loaded shared library /home/saksham/.vscode/extensions/redhat.java-1.24.0-linux-x64/jre/17.0.8.1-linux-x86_64/lib/libzip.so
Event: 0.190 Loaded shared library /home/saksham/.vscode/extensions/redhat.java-1.24.0-linux-x64/jre/17.0.8.1-linux-x86_64/lib/libjimage.so
Event: 0.227 Loaded shared library /home/saksham/.vscode/extensions/redhat.java-1.24.0-linux-x64/jre/17.0.8.1-linux-x86_64/lib/libverify.so
Event: 0.694 Loaded shared library /home/saksham/.vscode/extensions/redhat.java-1.24.0-linux-x64/jre/17.0.8.1-linux-x86_64/lib/libnet.so
Event: 0.988 Loaded shared library /home/saksham/.config/Code/User/globalStorage/redhat.java/1.24.0/config_ss_linux/org.eclipse.equinox.launcher/org.eclipse.equinox.launcher.gtk.linux.x86_64_1.2.700.v20221108-1024/eclipse_11801.so

Deoptimization events (20 events):
Event: 3.255 Thread 0x00007f08042f62c0 Uncommon trap: trap_request=0xffffffbe fr.pc=0x00007f0881fdcca4 relative=0x0000000000000404
Event: 3.255 Thread 0x00007f08042f62c0 Uncommon trap: reason=profile_predicate action=maybe_recompile pc=0x00007f0881fdcca4 method=jdk.internal.jimage.ImageStringsReader.stringFromByteBufferMatches(Ljava/nio/ByteBuffer;ILjava/lang/String;I)I @ 19 c2
Event: 3.255 Thread 0x00007f08042f62c0 DEOPT PACKING pc=0x00007f0881fdcca4 sp=0x00007f086c3f8e40
Event: 3.255 Thread 0x00007f08042f62c0 DEOPT UNPACKING pc=0x00007f0881972399 sp=0x00007f086c3f8dd8 mode 2
Event: 3.361 Thread 0x00007f08042f62c0 Uncommon trap: trap_request=0xffffff45 fr.pc=0x00007f0881ecfd3c relative=0x000000000000029c
Event: 3.361 Thread 0x00007f08042f62c0 Uncommon trap: reason=unstable_if action=reinterpret pc=0x00007f0881ecfd3c method=java.util.HashMap$HashIterator.<init>(Ljava/util/HashMap;)V @ 45 c2
Event: 3.361 Thread 0x00007f08042f62c0 DEOPT PACKING pc=0x00007f0881ecfd3c sp=0x00007f086c3fa310
Event: 3.361 Thread 0x00007f08042f62c0 DEOPT UNPACKING pc=0x00007f0881972399 sp=0x00007f086c3fa2c8 mode 2
Event: 3.780 Thread 0x00007f088c6a2a60 Uncommon trap: trap_request=0xffffff45 fr.pc=0x00007f0881fc6b28 relative=0x0000000000001e88
Event: 3.780 Thread 0x00007f088c6a2a60 Uncommon trap: reason=unstable_if action=reinterpret pc=0x00007f0881fc6b28 method=jdk.internal.jimage.ImageLocation.verifyName(Ljava/lang/String;Ljava/lang/String;IIIIIILjdk/internal/jimage/ImageStrings;)Z @ 2 c2
Event: 3.780 Thread 0x00007f088c6a2a60 DEOPT PACKING pc=0x00007f0881fc6b28 sp=0x00007f0852a40d40
Event: 3.780 Thread 0x00007f088c6a2a60 DEOPT UNPACKING pc=0x00007f0881972399 sp=0x00007f0852a40c58 mode 2
Event: 3.787 Thread 0x00007f07f0071ea0 Uncommon trap: trap_request=0xffffffbe fr.pc=0x00007f0881ff7784 relative=0x0000000000000724
Event: 3.787 Thread 0x00007f07f0071ea0 Uncommon trap: reason=profile_predicate action=maybe_recompile pc=0x00007f0881ff7784 method=java.util.TreeMap.getEntryUsingComparator(Ljava/lang/Object;)Ljava/util/TreeMap$Entry; @ 19 c2
Event: 3.787 Thread 0x00007f07f0071ea0 DEOPT PACKING pc=0x00007f0881ff7784 sp=0x00007f0852946e70
Event: 3.787 Thread 0x00007f07f0071ea0 DEOPT UNPACKING pc=0x00007f0881972399 sp=0x00007f0852946e30 mode 2
Event: 3.787 Thread 0x00007f07f0071ea0 Uncommon trap: trap_request=0xffffffbe fr.pc=0x00007f0881ff7784 relative=0x0000000000000724
Event: 3.787 Thread 0x00007f07f0071ea0 Uncommon trap: reason=profile_predicate action=maybe_recompile pc=0x00007f0881ff7784 method=java.util.TreeMap.getEntryUsingComparator(Ljava/lang/Object;)Ljava/util/TreeMap$Entry; @ 19 c2
Event: 3.787 Thread 0x00007f07f0071ea0 DEOPT PACKING pc=0x00007f0881ff7784 sp=0x00007f0852946ee0
Event: 3.787 Thread 0x00007f07f0071ea0 DEOPT UNPACKING pc=0x00007f0881972399 sp=0x00007f0852946ea0 mode 2

Classes unloaded (7 events):
Event: 1.602 Thread 0x00007f088c068cb0 Unloading class 0x0000000100242000 'java/lang/invoke/LambdaForm$MH+0x0000000100242000'
Event: 1.602 Thread 0x00007f088c068cb0 Unloading class 0x0000000100241c00 'java/lang/invoke/LambdaForm$MH+0x0000000100241c00'
Event: 1.602 Thread 0x00007f088c068cb0 Unloading class 0x0000000100241800 'java/lang/invoke/LambdaForm$MH+0x0000000100241800'
Event: 1.602 Thread 0x00007f088c068cb0 Unloading class 0x0000000100241400 'java/lang/invoke/LambdaForm$MH+0x0000000100241400'
Event: 1.602 Thread 0x00007f088c068cb0 Unloading class 0x0000000100241000 'java/lang/invoke/LambdaForm$BMH+0x0000000100241000'
Event: 1.602 Thread 0x00007f088c068cb0 Unloading class 0x0000000100240c00 'java/lang/invoke/LambdaForm$DMH+0x0000000100240c00'
Event: 1.602 Thread 0x00007f088c068cb0 Unloading class 0x000000010023a000 'java/lang/invoke/LambdaForm$DMH+0x000000010023a000'

Classes redefined (0 events):
No events

Internal exceptions (20 events):
Event: 2.005 Thread 0x00007f088c5fc3d0 Exception <a 'java/lang/NoSuchMethodError'{0x00000000eab1a1f8}: 'void java.lang.invoke.DirectMethodHandle$Holder.invokeVirtual(java.lang.Object, java.lang.Object)'> (0x00000000eab1a1f8) 
thrown [src/hotspot/share/interpreter/linkResolver.cpp, line 758]
Event: 2.533 Thread 0x00007f088c5fc3d0 Exception <a 'sun/nio/fs/UnixException'{0x00000000eaeb1b88}> (0x00000000eaeb1b88) 
thrown [src/hotspot/share/prims/jni.cpp, line 516]
Event: 2.589 Thread 0x00007f088c5fc3d0 Exception <a 'java/lang/ClassNotFoundException'{0x00000000eb5df2d0}: com/sun/org/apache/xml/internal/serializer/spi/XMLEntitiesProvider> (0x00000000eb5df2d0) 
thrown [src/hotspot/share/classfile/systemDictionary.cpp, line 256]
Event: 2.686 Thread 0x00007f088c5fc3d0 Exception <a 'java/io/FileNotFoundException'{0x00000000ebbb1f60}> (0x00000000ebbb1f60) 
thrown [src/hotspot/share/prims/jni.cpp, line 516]
Event: 2.695 Thread 0x00007f088c5fc3d0 Exception <a 'java/io/FileNotFoundException'{0x00000000ebc3cf00}> (0x00000000ebc3cf00) 
thrown [src/hotspot/share/prims/jni.cpp, line 516]
Event: 2.700 Thread 0x00007f088c5fc3d0 Exception <a 'java/io/FileNotFoundException'{0x00000000ebcb8170}> (0x00000000ebcb8170) 
thrown [src/hotspot/share/prims/jni.cpp, line 516]
Event: 2.744 Thread 0x00007f088c027a90 Exception <a 'java/lang/NoSuchMethodError'{0x00000000ec0319b0}: 'void java.lang.invoke.DirectMethodHandle$Holder.invokeStatic(java.lang.Object, java.lang.Object, java.lang.Object, java.lang.Object)'> (0x00000000ec0319b0) 
thrown [src/hotspot/share/interpreter/linkResolver.cpp, line 758]
Event: 2.856 Thread 0x00007f088c027a90 Exception <a 'java/lang/NoSuchMethodError'{0x00000000eb1222d0}: 'void java.lang.invoke.DirectMethodHandle$Holder.invokeSpecial(java.lang.Object, java.lang.Object, java.lang.Object, java.lang.Object, java.lang.Object, java.lang.Object)'> (0x00000000eb1222d0) 
thrown [src/hotspot/share/interpreter/linkResolver.cpp, line 758]
Event: 2.857 Thread 0x00007f088c027a90 Exception <a 'java/lang/IncompatibleClassChangeError'{0x00000000eb12bb80}: Found class java.lang.Object, but interface was expected> (0x00000000eb12bb80) 
thrown [src/hotspot/share/interpreter/linkResolver.cpp, line 826]
Event: 2.950 Thread 0x00007f088c6a2a60 Exception <a 'java/io/FileNotFoundException'{0x00000000eb70ce88}> (0x00000000eb70ce88) 
thrown [src/hotspot/share/prims/jni.cpp, line 516]
Event: 2.970 Thread 0x00007f088c6a2a60 Exception <a 'sun/nio/fs/UnixException'{0x00000000eb8ba0c8}> (0x00000000eb8ba0c8) 
thrown [src/hotspot/share/prims/jni.cpp, line 516]
Event: 2.973 Thread 0x00007f08042ed060 Exception <a 'java/io/FileNotFoundException'{0x00000000eb91a438}> (0x00000000eb91a438) 
thrown [src/hotspot/share/prims/jni.cpp, line 516]
Event: 2.973 Thread 0x00007f08042ed060 Exception <a 'java/io/FileNotFoundException'{0x00000000eb91b350}> (0x00000000eb91b350) 
thrown [src/hotspot/share/prims/jni.cpp, line 516]
Event: 3.004 Thread 0x00007f088c6a2a60 Exception <a 'java/lang/NoSuchMethodError'{0x00000000ebcdc688}: 'int java.lang.invoke.DirectMethodHandle$Holder.invokeVirtual(java.lang.Object, java.lang.Object)'> (0x00000000ebcdc688) 
thrown [src/hotspot/share/interpreter/linkResolver.cpp, line 758]
Event: 3.008 Thread 0x00007f08042f62c0 Exception <a 'java/lang/NoSuchMethodError'{0x00000000ebd43a58}: 'java.lang.Object java.lang.invoke.Invokers$Holder.invoke_MT(java.lang.Object, java.lang.Object, java.lang.Object)'> (0x00000000ebd43a58) 
thrown [src/hotspot/share/interpreter/linkResolver.cpp, line 758]
Event: 3.224 Thread 0x00007f08042f62c0 Exception <a 'java/io/FileNotFoundException'{0x00000000ebffa910}> (0x00000000ebffa910) 
thrown [src/hotspot/share/prims/jni.cpp, line 516]
Event: 3.224 Thread 0x00007f08042f62c0 Exception <a 'java/io/FileNotFoundException'{0x00000000ebffbd48}> (0x00000000ebffbd48) 
thrown [src/hotspot/share/prims/jni.cpp, line 516]
Event: 3.225 Thread 0x00007f08042f62c0 Exception <a 'java/lang/NoSuchMethodError'{0x00000000ec008300}: 'void java.lang.invoke.DirectMethodHandle$Holder.invokeStaticInit(java.lang.Object, java.lang.Object, java.lang.Object)'> (0x00000000ec008300) 
thrown [src/hotspot/share/interpreter/linkResolver.cpp, line 758]
Event: 3.520 Thread 0x00007f088c6a2a60 Exception <a 'java/lang/NoSuchMethodError'{0x00000000eae266e0}: 'java.lang.Object java.lang.invoke.DirectMethodHandle$Holder.invokeInterface(java.lang.Object, java.lang.Object, java.lang.Object)'> (0x00000000eae266e0) 
thrown [src/hotspot/share/interpreter/linkResolver.cpp, line 758]
Event: 3.795 Thread 0x00007f07f0071ea0 Exception <a 'java/io/FileNotFoundException'{0x00000000eb7e99e8}> (0x00000000eb7e99e8) 
thrown [src/hotspot/share/prims/jni.cpp, line 516]

VM Operations (20 events):
Event: 3.042 Executing VM operation: CollectForMetadataAllocation done
Event: 3.051 Executing VM operation: HandshakeAllThreads
Event: 3.051 Executing VM operation: HandshakeAllThreads done
Event: 3.241 Executing VM operation: ParallelGCFailedAllocation
Event: 3.244 Executing VM operation: ParallelGCFailedAllocation done
Event: 3.336 Executing VM operation: ParallelGCFailedAllocation
Event: 3.341 Executing VM operation: ParallelGCFailedAllocation done
Event: 3.392 Executing VM operation: ParallelGCFailedAllocation
Event: 3.396 Executing VM operation: ParallelGCFailedAllocation done
Event: 3.433 Executing VM operation: ParallelGCFailedAllocation
Event: 3.440 Executing VM operation: ParallelGCFailedAllocation done
Event: 3.478 Executing VM operation: ParallelGCFailedAllocation
Event: 3.482 Executing VM operation: ParallelGCFailedAllocation done
Event: 3.499 Executing VM operation: HandshakeAllThreads
Event: 3.499 Executing VM operation: HandshakeAllThreads done
Event: 3.659 Executing VM operation: HandshakeAllThreads
Event: 3.660 Executing VM operation: HandshakeAllThreads done
Event: 3.711 Executing VM operation: ParallelGCFailedAllocation
Event: 3.716 Executing VM operation: ParallelGCFailedAllocation done
Event: 3.863 Executing VM operation: ParallelGCFailedAllocation

Events (20 events):
Event: 3.154 loading class sun/nio/ch/ChannelInputStream
Event: 3.154 loading class sun/nio/ch/ChannelInputStream done
Event: 3.516 loading class jdk/internal/reflect/UnsafeIntegerFieldAccessorImpl
Event: 3.516 loading class jdk/internal/reflect/UnsafeIntegerFieldAccessorImpl done
Event: 3.532 loading class sun/nio/cs/ThreadLocalCoders
Event: 3.532 loading class sun/nio/cs/ThreadLocalCoders done
Event: 3.532 loading class sun/nio/cs/ThreadLocalCoders$1
Event: 3.532 loading class sun/nio/cs/ThreadLocalCoders$Cache
Event: 3.532 loading class sun/nio/cs/ThreadLocalCoders$Cache done
Event: 3.532 loading class sun/nio/cs/ThreadLocalCoders$1 done
Event: 3.532 loading class sun/nio/cs/ThreadLocalCoders$2
Event: 3.532 loading class sun/nio/cs/ThreadLocalCoders$2 done
Event: 3.615 loading class java/lang/ExceptionInInitializerError
Event: 3.615 loading class java/lang/ExceptionInInitializerError done
Event: 3.717 Thread 0x00007f07f0071ea0 Thread added: 0x00007f07f0071ea0
Event: 3.717 Protecting memory [0x00007f0852849000,0x00007f085284d000] with protection modes 0
Event: 3.762 loading class java/util/Vector$1
Event: 3.762 loading class java/util/Vector$1 done
Event: 3.798 loading class java/util/WeakHashMap$KeyIterator
Event: 3.799 loading class java/util/WeakHashMap$KeyIterator done


Dynamic libraries:
c0000000-c4300000 rw-p 00000000 00:00 0 
c4300000-eab00000 ---p 00000000 00:00 0 
eab00000-ec300000 rw-p 00000000 00:00 0 
ec300000-100000000 ---p 00000000 00:00 0 
100000000-100020000 rw-p 00000000 00:00 0 
100020000-100040000 rw-p 00000000 00:00 0 
100040000-1000c0000 rw-p 00000000 00:00 0 
1000c0000-1000e0000 rw-p 00000000 00:00 0 
1000e0000-100140000 rw-p 00000000 00:00 0 
100140000-100180000 rw-p 00000000 00:00 0 
100180000-1001c0000 rw-p 00000000 00:00 0 
1001c0000-100200000 rw-p 00000000 00:00 0 
100200000-100340000 rw-p 00000000 00:00 0 
100340000-100380000 rw-p 00000000 00:00 0 
100380000-100460000 rw-p 00000000 00:00 0 
100460000-140000000 ---p 00000000 00:00 0 
55ede9fb9000-55ede9fba000 r--p 00000000 00:21 206914                     /home/saksham/.vscode/extensions/redhat.java-1.24.0-linux-x64/jre/17.0.8.1-linux-x86_64/bin/java
55ede9fba000-55ede9fbb000 r-xp 00001000 00:21 206914                     /home/saksham/.vscode/extensions/redhat.java-1.24.0-linux-x64/jre/17.0.8.1-linux-x86_64/bin/java
55ede9fbb000-55ede9fbc000 r--p 00002000 00:21 206914                     /home/saksham/.vscode/extensions/redhat.java-1.24.0-linux-x64/jre/17.0.8.1-linux-x86_64/bin/java
55ede9fbc000-55ede9fbd000 r--p 00002000 00:21 206914                     /home/saksham/.vscode/extensions/redhat.java-1.24.0-linux-x64/jre/17.0.8.1-linux-x86_64/bin/java
55ede9fbd000-55ede9fbe000 rw-p 00003000 00:21 206914                     /home/saksham/.vscode/extensions/redhat.java-1.24.0-linux-x64/jre/17.0.8.1-linux-x86_64/bin/java
55edeaf21000-55edeaf69000 rw-p 00000000 00:00 0                          [heap]
7f07b40d2000-7f07d40d3000 rw-p 00000000 00:00 0 
7f07d40d3000-7f07dc000000 r--s 00000000 00:21 242385                     /usr/lib/jvm/java-17-openjdk-17.0.7.0.7-1.fc36.x86_64/lib/modules
7f07dc000000-7f07dc132000 rw-p 00000000 00:00 0 
7f07dc132000-7f07e0000000 ---p 00000000 00:00 0 
7f07e0000000-7f07e0021000 rw-p 00000000 00:00 0 
7f07e0021000-7f07e4000000 ---p 00000000 00:00 0 
7f07e4000000-7f07e4021000 rw-p 00000000 00:00 0 
7f07e4021000-7f07e8000000 ---p 00000000 00:00 0 
7f07e8000000-7f07e8021000 rw-p 00000000 00:00 0 
7f07e8021000-7f07ec000000 ---p 00000000 00:00 0 
7f07ec000000-7f07ec073000 rw-p 00000000 00:00 0 
7f07ec073000-7f07f0000000 ---p 00000000 00:00 0 
7f07f0000000-7f07f0075000 rw-p 00000000 00:00 0 
7f07f0075000-7f07f4000000 ---p 00000000 00:00 0 
7f07f4000000-7f07f4021000 rw-p 00000000 00:00 0 
7f07f4021000-7f07f8000000 ---p 00000000 00:00 0 
7f07f8000000-7f07f8021000 rw-p 00000000 00:00 0 
7f07f8021000-7f07fc000000 ---p 00000000 00:00 0 
7f07fc000000-7f07fc021000 rw-p 00000000 00:00 0 
7f07fc021000-7f0800000000 ---p 00000000 00:00 0 
7f0800000000-7f0800021000 rw-p 00000000 00:00 0 
7f0800021000-7f0804000000 ---p 00000000 00:00 0 
7f0804000000-7f0804719000 rw-p 00000000 00:00 0 
7f0804719000-7f0808000000 ---p 00000000 00:00 0 
7f0808000000-7f0808021000 rw-p 00000000 00:00 0 
7f0808021000-7f080c000000 ---p 00000000 00:00 0 
7f080c000000-7f080c021000 rw-p 00000000 00:00 0 
7f080c021000-7f0810000000 ---p 00000000 00:00 0 
7f0810000000-7f0810021000 rw-p 00000000 00:00 0 
7f0810021000-7f0814000000 ---p 00000000 00:00 0 
7f0814000000-7f0814021000 rw-p 00000000 00:00 0 
7f0814021000-7f0818000000 ---p 00000000 00:00 0 
7f0818000000-7f0818021000 rw-p 00000000 00:00 0 
7f0818021000-7f081c000000 ---p 00000000 00:00 0 
7f081c000000-7f081c021000 rw-p 00000000 00:00 0 
7f081c021000-7f0820000000 ---p 00000000 00:00 0 
7f0820000000-7f0820021000 rw-p 00000000 00:00 0 
7f0820021000-7f0824000000 ---p 00000000 00:00 0 
7f0824000000-7f0824021000 rw-p 00000000 00:00 0 
7f0824021000-7f0828000000 ---p 00000000 00:00 0 
7f0828000000-7f0828021000 rw-p 00000000 00:00 0 
7f0828021000-7f082c000000 ---p 00000000 00:00 0 
7f082c000000-7f082c021000 rw-p 00000000 00:00 0 
7f082c021000-7f0830000000 ---p 00000000 00:00 0 
7f0830000000-7f0830021000 rw-p 00000000 00:00 0 
7f0830021000-7f0834000000 ---p 00000000 00:00 0 
7f0834000000-7f0834021000 rw-p 00000000 00:00 0 
7f0834021000-7f0838000000 ---p 00000000 00:00 0 
7f0838000000-7f0838021000 rw-p 00000000 00:00 0 
7f0838021000-7f083c000000 ---p 00000000 00:00 0 
7f083c000000-7f083d237000 rw-p 00000000 00:00 0 
7f083d237000-7f0840000000 ---p 00000000 00:00 0 
7f0840000000-7f0840637000 rw-p 00000000 00:00 0 
7f0840637000-7f0844000000 ---p 00000000 00:00 0 
7f0844000000-7f0844021000 rw-p 00000000 00:00 0 
7f0844021000-7f0848000000 ---p 00000000 00:00 0 
7f0848000000-7f0848021000 rw-p 00000000 00:00 0 
7f0848021000-7f084c000000 ---p 00000000 00:00 0 
7f084c000000-7f084c021000 rw-p 00000000 00:00 0 
7f084c021000-7f0850000000 ---p 00000000 00:00 0 
7f08525b2000-7f0852849000 rw-p 00000000 00:00 0 
7f0852849000-7f085284d000 ---p 00000000 00:00 0 
7f085284d000-7f0852949000 rw-p 00000000 00:00 0 
7f0852949000-7f085294d000 ---p 00000000 00:00 0 
7f085294d000-7f0852a49000 rw-p 00000000 00:00 0 
7f0852a49000-7f0860000000 r--p 00000000 00:21 196710                     /usr/lib/locale/locale-archive
7f0860000000-7f0860021000 rw-p 00000000 00:00 0 
7f0860021000-7f0864000000 ---p 00000000 00:00 0 
7f0864000000-7f0864021000 rw-p 00000000 00:00 0 
7f0864021000-7f0868000000 ---p 00000000 00:00 0 
7f0868000000-7f0868021000 rw-p 00000000 00:00 0 
7f0868021000-7f086c000000 ---p 00000000 00:00 0 
7f086c0fc000-7f086c100000 ---p 00000000 00:00 0 
7f086c100000-7f086c1fc000 rw-p 00000000 00:00 0 
7f086c1fc000-7f086c200000 ---p 00000000 00:00 0 
7f086c200000-7f086c2fc000 rw-p 00000000 00:00 0 
7f086c2fc000-7f086c300000 ---p 00000000 00:00 0 
7f086c300000-7f086c3fc000 rw-p 00000000 00:00 0 
7f086c3fc000-7f086c400000 ---p 00000000 00:00 0 
7f086c400000-7f086c4fc000 rw-p 00000000 00:00 0 
7f086c4fc000-7f086c500000 ---p 00000000 00:00 0 
7f086c500000-7f086c5fc000 rw-p 00000000 00:00 0 
7f086c5fc000-7f086c600000 ---p 00000000 00:00 0 
7f086c600000-7f086c6fc000 rw-p 00000000 00:00 0 
7f086c6fc000-7f086c6fd000 ---p 00000000 00:00 0 
7f086c6fd000-7f086c7fe000 rw-p 00000000 00:00 0 
7f086c7fe000-7f086c7ff000 ---p 00000000 00:00 0 
7f086c7ff000-7f086c900000 rw-p 00000000 00:00 0 
7f086c900000-7f086c904000 ---p 00000000 00:00 0 
7f086c904000-7f086ca00000 rw-p 00000000 00:00 0 
7f086ca00000-7f086ca10000 r-xp 00000000 00:21 421125                     /home/saksham/.config/Code/User/globalStorage/redhat.java/1.24.0/config_ss_linux/org.eclipse.equinox.launcher/org.eclipse.equinox.launcher.gtk.linux.x86_64_1.2.700.v20221108-1024/eclipse_11801.so
7f086ca10000-7f086cc0f000 ---p 00010000 00:21 421125                     /home/saksham/.config/Code/User/globalStorage/redhat.java/1.24.0/config_ss_linux/org.eclipse.equinox.launcher/org.eclipse.equinox.launcher.gtk.linux.x86_64_1.2.700.v20221108-1024/eclipse_11801.so
7f086cc0f000-7f086cc10000 r--p 0000f000 00:21 421125                     /home/saksham/.config/Code/User/globalStorage/redhat.java/1.24.0/config_ss_linux/org.eclipse.equinox.launcher/org.eclipse.equinox.launcher.gtk.linux.x86_64_1.2.700.v20221108-1024/eclipse_11801.so
7f086cc10000-7f086cc11000 rw-p 00010000 00:21 421125                     /home/saksham/.config/Code/User/globalStorage/redhat.java/1.24.0/config_ss_linux/org.eclipse.equinox.launcher/org.eclipse.equinox.launcher.gtk.linux.x86_64_1.2.700.v20221108-1024/eclipse_11801.so
7f086cc11000-7f086cc12000 rw-p 00000000 00:00 0 
7f086cc4e000-7f086cc52000 ---p 00000000 00:00 0 
7f086cc52000-7f086cd4e000 rw-p 00000000 00:00 0 
7f086cd4e000-7f086cd52000 ---p 00000000 00:00 0 
7f086cd52000-7f086ce4e000 rw-p 00000000 00:00 0 
7f086ce4e000-7f086ce52000 ---p 00000000 00:00 0 
7f086ce52000-7f086cf4e000 rw-p 00000000 00:00 0 
7f086cf4e000-7f086cf4f000 ---p 00000000 00:00 0 
7f086cf4f000-7f086d050000 rw-p 00000000 00:00 0 
7f086d050000-7f086d051000 ---p 00000000 00:00 0 
7f086d051000-7f086d152000 rw-p 00000000 00:00 0 
7f086d152000-7f086d153000 ---p 00000000 00:00 0 
7f086d153000-7f086d254000 rw-p 00000000 00:00 0 
7f086d254000-7f086d255000 ---p 00000000 00:00 0 
7f086d255000-7f086d356000 rw-p 00000000 00:00 0 
7f086d356000-7f086d357000 ---p 00000000 00:00 0 
7f086d357000-7f086d458000 rw-p 00000000 00:00 0 
7f086d4fe000-7f086d4ff000 ---p 00000000 00:00 0 
7f086d4ff000-7f086d600000 rw-p 00000000 00:00 0 
7f086d600000-7f086d604000 ---p 00000000 00:00 0 
7f086d604000-7f086d700000 rw-p 00000000 00:00 0 
7f086d700000-7f086d704000 ---p 00000000 00:00 0 
7f086d704000-7f086d800000 rw-p 00000000 00:00 0 
7f086d800000-7f086d804000 ---p 00000000 00:00 0 
7f086d804000-7f086d900000 rw-p 00000000 00:00 0 
7f086d900000-7f086d904000 ---p 00000000 00:00 0 
7f086d904000-7f086da00000 rw-p 00000000 00:00 0 
7f086da00000-7f086da04000 ---p 00000000 00:00 0 
7f086da04000-7f086db00000 rw-p 00000000 00:00 0 
7f086db00000-7f086db04000 ---p 00000000 00:00 0 
7f086db04000-7f086dc00000 rw-p 00000000 00:00 0 
7f086dc00000-7f086dc04000 ---p 00000000 00:00 0 
7f086dc04000-7f086dd00000 rw-p 00000000 00:00 0 
7f086dd00000-7f086dd04000 ---p 00000000 00:00 0 
7f086dd04000-7f086de00000 rw-p 00000000 00:00 0 
7f086de00000-7f086de04000 ---p 00000000 00:00 0 
7f086de04000-7f086df00000 rw-p 00000000 00:00 0 
7f086df00000-7f086df04000 ---p 00000000 00:00 0 
7f086df04000-7f086e400000 rw-p 00000000 00:00 0 
7f086e400000-7f086e460000 rw-p 00000000 00:00 0 
7f086e460000-7f086e480000 rw-p 00000000 00:00 0 
7f086e480000-7f086e500000 rw-p 00000000 00:00 0 
7f086e500000-7f086e800000 rw-p 00000000 00:00 0 
7f086e800000-7f086e900000 rw-p 00000000 00:00 0 
7f086e900000-7f086eb80000 rw-p 00000000 00:00 0 
7f086eb80000-7f086ec00000 rw-p 00000000 00:00 0 
7f086ec00000-7f086ed80000 rw-p 00000000 00:00 0 
7f086ed80000-7f086ef80000 rw-p 00000000 00:00 0 
7f086ef80000-7f086f000000 rw-p 00000000 00:00 0 
7f086f000000-7f086f180000 rw-p 00000000 00:00 0 
7f086f180000-7f086f200000 rw-p 00000000 00:00 0 
7f086f200000-7f086f900000 rw-p 00000000 00:00 0 
7f086f900000-7f086fa00000 rw-p 00000000 00:00 0 
7f086fa00000-7f086fb00000 rw-p 00000000 00:00 0 
7f086fb00000-7f086fc00000 rw-p 00000000 00:00 0 
7f086fc00000-7f086fd80000 rw-p 00000000 00:00 0 
7f086fd80000-7f086fe00000 rw-p 00000000 00:00 0 
7f086fe00000-7f086ff80000 rw-p 00000000 00:00 0 
7f086ff80000-7f086ffc0000 rw-p 00000000 00:00 0 
7f086ffc0000-7f0870000000 ---p 00000000 00:00 0 
7f0870000000-7f0870380000 rw-p 00000000 00:00 0 
7f0870380000-7f0872000000 ---p 00000000 00:00 0 
7f0872000000-7f0874000000 rw-p 00000000 00:00 0 
7f0874000000-7f0874021000 rw-p 00000000 00:00 0 
7f0874021000-7f0878000000 ---p 00000000 00:00 0 
7f087809d000-7f08780a4000 r--s 00000000 00:21 280020                     /usr/lib64/gconv/gconv-modules.cache
7f08780a4000-7f08780a8000 ---p 00000000 00:00 0 
7f08780a8000-7f08780c6000 rw-p 00000000 00:00 0 
7f08780c6000-7f08780ca000 r--p 00000000 00:21 207321                     /home/saksham/.vscode/extensions/redhat.java-1.24.0-linux-x64/jre/17.0.8.1-linux-x86_64/lib/libverify.so
7f08780ca000-7f08780d1000 r-xp 00004000 00:21 207321                     /home/saksham/.vscode/extensions/redhat.java-1.24.0-linux-x64/jre/17.0.8.1-linux-x86_64/lib/libverify.so
7f08780d1000-7f08780d3000 r--p 0000b000 00:21 207321                     /home/saksham/.vscode/extensions/redhat.java-1.24.0-linux-x64/jre/17.0.8.1-linux-x86_64/lib/libverify.so
7f08780d3000-7f08780d5000 r--p 0000c000 00:21 207321                     /home/saksham/.vscode/extensions/redhat.java-1.24.0-linux-x64/jre/17.0.8.1-linux-x86_64/lib/libverify.so
7f08780d5000-7f08780d6000 rw-p 0000e000 00:21 207321                     /home/saksham/.vscode/extensions/redhat.java-1.24.0-linux-x64/jre/17.0.8.1-linux-x86_64/lib/libverify.so
7f08780d6000-7f08780da000 r--p 00000000 00:21 207314                     /home/saksham/.vscode/extensions/redhat.java-1.24.0-linux-x64/jre/17.0.8.1-linux-x86_64/lib/libnet.so
7f08780da000-7f08780e8000 r-xp 00004000 00:21 207314                     /home/saksham/.vscode/extensions/redhat.java-1.24.0-linux-x64/jre/17.0.8.1-linux-x86_64/lib/libnet.so
7f08780e8000-7f08780ec000 r--p 00012000 00:21 207314                     /home/saksham/.vscode/extensions/redhat.java-1.24.0-linux-x64/jre/17.0.8.1-linux-x86_64/lib/libnet.so
7f08780ec000-7f08780ed000 r--p 00015000 00:21 207314                     /home/saksham/.vscode/extensions/redhat.java-1.24.0-linux-x64/jre/17.0.8.1-linux-x86_64/lib/libnet.so
7f08780ed000-7f08780ee000 rw-p 00016000 00:21 207314                     /home/saksham/.vscode/extensions/redhat.java-1.24.0-linux-x64/jre/17.0.8.1-linux-x86_64/lib/libnet.so
7f08780ee000-7f08780ef000 ---p 00000000 00:00 0 
7f08780ef000-7f0879fae000 rw-p 00000000 00:00 0 
7f0879fae000-7f087a0e2000 ---p 00000000 00:00 0 
7f087a0e2000-7f087a0e3000 ---p 00000000 00:00 0 
7f087a0e3000-7f087a206000 rw-p 00000000 00:00 0 
7f087a206000-7f087a339000 ---p 00000000 00:00 0 
7f087a339000-7f087a346000 rw-p 00000000 00:00 0 
7f087a346000-7f087a3e4000 ---p 00000000 00:00 0 
7f087a3e4000-7f087a3e5000 rw-p 00000000 00:00 0 
7f087a3e5000-7f087ab35000 rwxp 00000000 00:00 0 
7f087ab35000-7f088191c000 ---p 00000000 00:00 0 
7f088191c000-7f0881b8c000 rwxp 00000000 00:00 0 
7f0881b8c000-7f0881eae000 ---p 00000000 00:00 0 
7f0881eae000-7f088211e000 rwxp 00000000 00:00 0 
7f088211e000-7f08893e5000 ---p 00000000 00:00 0 
7f08893e5000-7f088c000000 r--s 00000000 00:21 207323                     /home/saksham/.vscode/extensions/redhat.java-1.24.0-linux-x64/jre/17.0.8.1-linux-x86_64/lib/modules
7f088c000000-7f088c6bd000 rw-p 00000000 00:00 0 
7f088c6bd000-7f0890000000 ---p 00000000 00:00 0 
7f0890003000-7f089000a000 r--p 00000000 00:21 207315                     /home/saksham/.vscode/extensions/redhat.java-1.24.0-linux-x64/jre/17.0.8.1-linux-x86_64/lib/libnio.so
7f089000a000-7f0890013000 r-xp 00007000 00:21 207315                     /home/saksham/.vscode/extensions/redhat.java-1.24.0-linux-x64/jre/17.0.8.1-linux-x86_64/lib/libnio.so
7f0890013000-7f0890017000 r--p 00010000 00:21 207315                     /home/saksham/.vscode/extensions/redhat.java-1.24.0-linux-x64/jre/17.0.8.1-linux-x86_64/lib/libnio.so
7f0890017000-7f0890018000 ---p 00014000 00:21 207315                     /home/saksham/.vscode/extensions/redhat.java-1.24.0-linux-x64/jre/17.0.8.1-linux-x86_64/lib/libnio.so
7f0890018000-7f0890019000 r--p 00014000 00:21 207315                     /home/saksham/.vscode/extensions/redhat.java-1.24.0-linux-x64/jre/17.0.8.1-linux-x86_64/lib/libnio.so
7f0890019000-7f089001a000 rw-p 00015000 00:21 207315                     /home/saksham/.vscode/extensions/redhat.java-1.24.0-linux-x64/jre/17.0.8.1-linux-x86_64/lib/libnio.so
7f089001a000-7f089001c000 r--p 00000000 00:21 207322                     /home/saksham/.vscode/extensions/redhat.java-1.24.0-linux-x64/jre/17.0.8.1-linux-x86_64/lib/libzip.so
7f089001c000-7f0890020000 r-xp 00002000 00:21 207322                     /home/saksham/.vscode/extensions/redhat.java-1.24.0-linux-x64/jre/17.0.8.1-linux-x86_64/lib/libzip.so
7f0890020000-7f0890022000 r--p 00006000 00:21 207322                     /home/saksham/.vscode/extensions/redhat.java-1.24.0-linux-x64/jre/17.0.8.1-linux-x86_64/lib/libzip.so
7f0890022000-7f0890023000 r--p 00007000 00:21 207322                     /home/saksham/.vscode/extensions/redhat.java-1.24.0-linux-x64/jre/17.0.8.1-linux-x86_64/lib/libzip.so
7f0890023000-7f0890024000 rw-p 00008000 00:21 207322                     /home/saksham/.vscode/extensions/redhat.java-1.24.0-linux-x64/jre/17.0.8.1-linux-x86_64/lib/libzip.so
7f0890024000-7f08900d9000 rw-p 00000000 00:00 0 
7f08900d9000-7f08901bf000 ---p 00000000 00:00 0 
7f08901bf000-7f08901ce000 rw-p 00000000 00:00 0 
7f08901ce000-7f08902aa000 ---p 00000000 00:00 0 
7f08902aa000-7f08902af000 rw-p 00000000 00:00 0 
7f08902af000-7f08902b6000 ---p 00000000 00:00 0 
7f08902b6000-7f08902be000 rw-s 00000000 00:29 642                        /tmp/hsperfdata_saksham/33672
7f08902be000-7f08902cb000 r--p 00000000 00:21 207301                     /home/saksham/.vscode/extensions/redhat.java-1.24.0-linux-x64/jre/17.0.8.1-linux-x86_64/lib/libjava.so
7f08902cb000-7f08902dd000 r-xp 0000d000 00:21 207301                     /home/saksham/.vscode/extensions/redhat.java-1.24.0-linux-x64/jre/17.0.8.1-linux-x86_64/lib/libjava.so
7f08902dd000-7f08902e3000 r--p 0001f000 00:21 207301                     /home/saksham/.vscode/extensions/redhat.java-1.24.0-linux-x64/jre/17.0.8.1-linux-x86_64/lib/libjava.so
7f08902e3000-7f08902e4000 ---p 00025000 00:21 207301                     /home/saksham/.vscode/extensions/redhat.java-1.24.0-linux-x64/jre/17.0.8.1-linux-x86_64/lib/libjava.so
7f08902e4000-7f08902e5000 r--p 00025000 00:21 207301                     /home/saksham/.vscode/extensions/redhat.java-1.24.0-linux-x64/jre/17.0.8.1-linux-x86_64/lib/libjava.so
7f08902e5000-7f08902e6000 rw-p 00026000 00:21 207301                     /home/saksham/.vscode/extensions/redhat.java-1.24.0-linux-x64/jre/17.0.8.1-linux-x86_64/lib/libjava.so
7f08902e6000-7f08902e7000 rw-p 00000000 00:00 0 
7f08902e7000-7f08902eb000 r--p 00000000 00:21 207305                     /home/saksham/.vscode/extensions/redhat.java-1.24.0-linux-x64/jre/17.0.8.1-linux-x86_64/lib/libjimage.so
7f08902eb000-7f08902fe000 r-xp 00004000 00:21 207305                     /home/saksham/.vscode/extensions/redhat.java-1.24.0-linux-x64/jre/17.0.8.1-linux-x86_64/lib/libjimage.so
7f08902fe000-7f0890304000 r--p 00017000 00:21 207305                     /home/saksham/.vscode/extensions/redhat.java-1.24.0-linux-x64/jre/17.0.8.1-linux-x86_64/lib/libjimage.so
7f0890304000-7f0890306000 r--p 0001c000 00:21 207305                     /home/saksham/.vscode/extensions/redhat.java-1.24.0-linux-x64/jre/17.0.8.1-linux-x86_64/lib/libjimage.so
7f0890306000-7f0890307000 rw-p 0001e000 00:21 207305                     /home/saksham/.vscode/extensions/redhat.java-1.24.0-linux-x64/jre/17.0.8.1-linux-x86_64/lib/libjimage.so
7f0890307000-7f089030b000 ---p 00000000 00:00 0 
7f089030b000-7f0890407000 rw-p 00000000 00:00 0 
7f0890407000-7f0890415000 r--p 00000000 00:21 197213                     /usr/lib64/libm.so.6
7f0890415000-7f0890487000 r-xp 0000e000 00:21 197213                     /usr/lib64/libm.so.6
7f0890487000-7f08904e3000 r--p 00080000 00:21 197213                     /usr/lib64/libm.so.6
7f08904e3000-7f08904e4000 r--p 000db000 00:21 197213                     /usr/lib64/libm.so.6
7f08904e4000-7f08904e5000 rw-p 000dc000 00:21 197213                     /usr/lib64/libm.so.6
7f08904e5000-7f08904e6000 r--p 00000000 00:21 197220                     /usr/lib64/librt.so.1
7f08904e6000-7f08904e7000 r-xp 00001000 00:21 197220                     /usr/lib64/librt.so.1
7f08904e7000-7f08904e8000 r--p 00002000 00:21 197220                     /usr/lib64/librt.so.1
7f08904e8000-7f08904e9000 r--p 00002000 00:21 197220                     /usr/lib64/librt.so.1
7f08904e9000-7f08904ea000 rw-p 00003000 00:21 197220                     /usr/lib64/librt.so.1
7f08904ea000-7f089073d000 r--p 00000000 00:21 207333                     /home/saksham/.vscode/extensions/redhat.java-1.24.0-linux-x64/jre/17.0.8.1-linux-x86_64/lib/server/libjvm.so
7f089073d000-7f089145f000 r-xp 00253000 00:21 207333                     /home/saksham/.vscode/extensions/redhat.java-1.24.0-linux-x64/jre/17.0.8.1-linux-x86_64/lib/server/libjvm.so
7f089145f000-7f08916ec000 r--p 00f75000 00:21 207333                     /home/saksham/.vscode/extensions/redhat.java-1.24.0-linux-x64/jre/17.0.8.1-linux-x86_64/lib/server/libjvm.so
7f08916ec000-7f08917a5000 r--p 01201000 00:21 207333                     /home/saksham/.vscode/extensions/redhat.java-1.24.0-linux-x64/jre/17.0.8.1-linux-x86_64/lib/server/libjvm.so
7f08917a5000-7f08917da000 rw-p 012ba000 00:21 207333                     /home/saksham/.vscode/extensions/redhat.java-1.24.0-linux-x64/jre/17.0.8.1-linux-x86_64/lib/server/libjvm.so
7f08917da000-7f0891838000 rw-p 00000000 00:00 0 
7f0891838000-7f0891860000 r--p 00000000 00:21 197210                     /usr/lib64/libc.so.6
7f0891860000-7f08919d4000 r-xp 00028000 00:21 197210                     /usr/lib64/libc.so.6
7f08919d4000-7f0891a2c000 r--p 0019c000 00:21 197210                     /usr/lib64/libc.so.6
7f0891a2c000-7f0891a30000 r--p 001f3000 00:21 197210                     /usr/lib64/libc.so.6
7f0891a30000-7f0891a32000 rw-p 001f7000 00:21 197210                     /usr/lib64/libc.so.6
7f0891a32000-7f0891a3a000 rw-p 00000000 00:00 0 
7f0891a3a000-7f0891a3b000 r--p 00000000 00:21 197212                     /usr/lib64/libdl.so.2
7f0891a3b000-7f0891a3c000 r-xp 00001000 00:21 197212                     /usr/lib64/libdl.so.2
7f0891a3c000-7f0891a3d000 r--p 00002000 00:21 197212                     /usr/lib64/libdl.so.2
7f0891a3d000-7f0891a3e000 r--p 00002000 00:21 197212                     /usr/lib64/libdl.so.2
7f0891a3e000-7f0891a3f000 rw-p 00003000 00:21 197212                     /usr/lib64/libdl.so.2
7f0891a3f000-7f0891a40000 r--p 00000000 00:21 197218                     /usr/lib64/libpthread.so.0
7f0891a40000-7f0891a41000 r-xp 00001000 00:21 197218                     /usr/lib64/libpthread.so.0
7f0891a41000-7f0891a42000 r--p 00002000 00:21 197218                     /usr/lib64/libpthread.so.0
7f0891a42000-7f0891a43000 r--p 00002000 00:21 197218                     /usr/lib64/libpthread.so.0
7f0891a43000-7f0891a44000 rw-p 00003000 00:21 197218                     /usr/lib64/libpthread.so.0
7f0891a44000-7f0891a47000 r--p 00000000 00:21 207306                     /home/saksham/.vscode/extensions/redhat.java-1.24.0-linux-x64/jre/17.0.8.1-linux-x86_64/lib/libjli.so
7f0891a47000-7f0891a51000 r-xp 00003000 00:21 207306                     /home/saksham/.vscode/extensions/redhat.java-1.24.0-linux-x64/jre/17.0.8.1-linux-x86_64/lib/libjli.so
7f0891a51000-7f0891a54000 r--p 0000d000 00:21 207306                     /home/saksham/.vscode/extensions/redhat.java-1.24.0-linux-x64/jre/17.0.8.1-linux-x86_64/lib/libjli.so
7f0891a54000-7f0891a55000 ---p 00010000 00:21 207306                     /home/saksham/.vscode/extensions/redhat.java-1.24.0-linux-x64/jre/17.0.8.1-linux-x86_64/lib/libjli.so
7f0891a55000-7f0891a56000 r--p 00010000 00:21 207306                     /home/saksham/.vscode/extensions/redhat.java-1.24.0-linux-x64/jre/17.0.8.1-linux-x86_64/lib/libjli.so
7f0891a56000-7f0891a57000 rw-p 00011000 00:21 207306                     /home/saksham/.vscode/extensions/redhat.java-1.24.0-linux-x64/jre/17.0.8.1-linux-x86_64/lib/libjli.so
7f0891a57000-7f0891a5a000 r--p 00000000 00:21 197684                     /usr/lib64/libz.so.1.2.11
7f0891a5a000-7f0891a68000 r-xp 00003000 00:21 197684                     /usr/lib64/libz.so.1.2.11
7f0891a68000-7f0891a6e000 r--p 00011000 00:21 197684                     /usr/lib64/libz.so.1.2.11
7f0891a6e000-7f0891a6f000 ---p 00017000 00:21 197684                     /usr/lib64/libz.so.1.2.11
7f0891a6f000-7f0891a70000 r--p 00017000 00:21 197684                     /usr/lib64/libz.so.1.2.11
7f0891a70000-7f0891a71000 rw-p 00000000 00:00 0 
7f0891a73000-7f0891a75000 r--p 00000000 00:21 207296                     /home/saksham/.vscode/extensions/redhat.java-1.24.0-linux-x64/jre/17.0.8.1-linux-x86_64/lib/libinstrument.so
7f0891a75000-7f0891a7b000 r-xp 00002000 00:21 207296                     /home/saksham/.vscode/extensions/redhat.java-1.24.0-linux-x64/jre/17.0.8.1-linux-x86_64/lib/libinstrument.so
7f0891a7b000-7f0891a7e000 r--p 00008000 00:21 207296                     /home/saksham/.vscode/extensions/redhat.java-1.24.0-linux-x64/jre/17.0.8.1-linux-x86_64/lib/libinstrument.so
7f0891a7e000-7f0891a7f000 r--p 0000a000 00:21 207296                     /home/saksham/.vscode/extensions/redhat.java-1.24.0-linux-x64/jre/17.0.8.1-linux-x86_64/lib/libinstrument.so
7f0891a7f000-7f0891a80000 rw-p 0000b000 00:21 207296                     /home/saksham/.vscode/extensions/redhat.java-1.24.0-linux-x64/jre/17.0.8.1-linux-x86_64/lib/libinstrument.so
7f0891a80000-7f0891a81000 ---p 00000000 00:00 0 
7f0891a81000-7f0891a82000 r--p 00000000 00:00 0 
7f0891a82000-7f0891a84000 rw-p 00000000 00:00 0 
7f0891a84000-7f0891a86000 r--p 00000000 00:21 197207                     /usr/lib64/ld-linux-x86-64.so.2
7f0891a86000-7f0891aad000 r-xp 00002000 00:21 197207                     /usr/lib64/ld-linux-x86-64.so.2
7f0891aad000-7f0891ab8000 r--p 00029000 00:21 197207                     /usr/lib64/ld-linux-x86-64.so.2
7f0891ab8000-7f0891ab9000 ---p 00000000 00:00 0 
7f0891ab9000-7f0891abb000 r--p 00034000 00:21 197207                     /usr/lib64/ld-linux-x86-64.so.2
7f0891abb000-7f0891abd000 rw-p 00036000 00:21 197207                     /usr/lib64/ld-linux-x86-64.so.2
7ffda9805000-7ffda9826000 rw-p 00000000 00:00 0                          [stack]
7ffda99c6000-7ffda99ca000 r--p 00000000 00:00 0                          [vvar]
7ffda99ca000-7ffda99cc000 r-xp 00000000 00:00 0                          [vdso]
ffffffffff600000-ffffffffff601000 --xp 00000000 00:00 0                  [vsyscall]


VM Arguments:
jvm_args: --add-modules=ALL-SYSTEM --add-opens=java.base/java.util=ALL-UNNAMED --add-opens=java.base/java.lang=ALL-UNNAMED --add-opens=java.base/sun.nio.fs=ALL-UNNAMED -Declipse.application=org.eclipse.jdt.ls.core.id1 -Dosgi.bundles.defaultStartLevel=4 -Declipse.product=org.eclipse.jdt.ls.core.product -Djava.import.generatesMetadataFilesAtProjectRoot=false -DDetectVMInstallationsJob.disabled=true -Dfile.encoding=utf8 -XX:+UseParallelGC -XX:GCTimeRatio=4 -XX:AdaptiveSizePolicyWeight=90 -Dsun.zip.disableMemoryMapping=true -Xmx1G -Xms100m -Xlog:disable -javaagent:/home/saksham/.vscode/extensions/redhat.java-1.24.0-linux-x64/lombok/lombok-1.18.30.jar 
java_command: /home/saksham/.vscode/extensions/redhat.java-1.24.0-linux-x64/server/plugins/org.eclipse.equinox.launcher_1.6.500.v20230717-2134.jar -configuration /home/saksham/.config/Code/User/globalStorage/redhat.java/1.24.0/config_ss_linux -data /home/saksham/.config/Code/User/workspaceStorage/ed2c1191843af0ee261a643605dcbe9a/redhat.java/ss_ws --stdio
java_class_path (initial): /home/saksham/.vscode/extensions/redhat.java-1.24.0-linux-x64/server/plugins/org.eclipse.equinox.launcher_1.6.500.v20230717-2134.jar
Launcher Type: SUN_STANDARD

[Global flags]
    uintx AdaptiveSizePolicyWeight                 = 90                                        {product} {command line}
     intx CICompilerCount                          = 4                                         {product} {ergonomic}
    uintx GCTimeRatio                              = 4                                         {product} {command line}
   size_t InitialHeapSize                          = 104857600                                 {product} {command line}
   size_t MaxHeapSize                              = 1073741824                                {product} {command line}
   size_t MaxNewSize                               = 357564416                                 {product} {ergonomic}
   size_t MinHeapDeltaBytes                        = 524288                                    {product} {ergonomic}
   size_t MinHeapSize                              = 104857600                                 {product} {command line}
   size_t NewSize                                  = 34603008                                  {product} {ergonomic}
    uintx NonNMethodCodeHeapSize                   = 5839372                                {pd product} {ergonomic}
    uintx NonProfiledCodeHeapSize                  = 122909434                              {pd product} {ergonomic}
   size_t OldSize                                  = 70254592                                  {product} {ergonomic}
    uintx ProfiledCodeHeapSize                     = 122909434                              {pd product} {ergonomic}
    uintx ReservedCodeCacheSize                    = 251658240                              {pd product} {ergonomic}
     bool SegmentedCodeCache                       = true                                      {product} {ergonomic}
   size_t SoftMaxHeapSize                          = 1073741824                             {manageable} {ergonomic}
     bool UseCompressedClassPointers               = true                           {product lp64_product} {ergonomic}
     bool UseCompressedOops                        = true                           {product lp64_product} {ergonomic}
     bool UseParallelGC                            = true                                      {product} {command line}

Logging:
Log output configuration:
 #0: stdout all=off uptime,level,tags
 #1: stderr all=off uptime,level,tags

Environment Variables:
PATH=/home/saksham/.local/bin:/home/saksham/bin:/usr/local/bin:/usr/local/sbin:/usr/bin:/usr/sbin
USERNAME=saksham
SHELL=/bin/bash
DISPLAY=:0
LANG=en_IN.UTF-8

Active Locale:
LC_ALL=en_IN.UTF-8
LC_COLLATE=en_IN.UTF-8
LC_CTYPE=en_IN.UTF-8
LC_MESSAGES=en_IN.UTF-8
LC_MONETARY=en_IN.UTF-8
LC_NUMERIC=en_IN.UTF-8
LC_TIME=en_IN.UTF-8

Signal Handlers:
   SIGSEGV: crash_handler in libjvm.so, mask=11100100010111111101111111111110, flags=SA_RESTART|SA_SIGINFO, unblocked
    SIGBUS: crash_handler in libjvm.so, mask=11100100010111111101111111111110, flags=SA_RESTART|SA_SIGINFO, unblocked
    SIGFPE: crash_handler in libjvm.so, mask=11100100010111111101111111111110, flags=SA_RESTART|SA_SIGINFO, unblocked
   SIGPIPE: javaSignalHandler in libjvm.so, mask=11100100010111111101111111111110, flags=SA_RESTART|SA_SIGINFO, blocked
   SIGXFSZ: javaSignalHandler in libjvm.so, mask=11100100010111111101111111111110, flags=SA_RESTART|SA_SIGINFO, blocked
    SIGILL: crash_handler in libjvm.so, mask=11100100010111111101111111111110, flags=SA_RESTART|SA_SIGINFO, unblocked
   SIGUSR2: SR_handler in libjvm.so, mask=00000000000000000000000000000000, flags=SA_RESTART|SA_SIGINFO, blocked
    SIGHUP: UserHandler in libjvm.so, mask=11100100010111111101111111111110, flags=SA_RESTART|SA_SIGINFO, blocked
    SIGINT: UserHandler in libjvm.so, mask=11100100010111111101111111111110, flags=SA_RESTART|SA_SIGINFO, blocked
   SIGTERM: UserHandler in libjvm.so, mask=11100100010111111101111111111110, flags=SA_RESTART|SA_SIGINFO, blocked
   SIGQUIT: UserHandler in libjvm.so, mask=11100100010111111101111111111110, flags=SA_RESTART|SA_SIGINFO, blocked
   SIGTRAP: crash_handler in libjvm.so, mask=11100100010111111101111111111110, flags=SA_RESTART|SA_SIGINFO, unblocked


---------------  S Y S T E M  ---------------

OS:
Fedora release 36 (Thirty Six)
uname: Linux 5.17.5-300.fc36.x86_64 #1 SMP PREEMPT Thu Apr 28 15:51:30 UTC 2022 x86_64
OS uptime: 0 days 5:50 hours
libc: glibc 2.35 NPTL 2.35 
rlimit (soft/hard): STACK 8192k/infinity , CORE infinity/infinity , NPROC 30874/30874 , NOFILE 524288/524288 , AS infinity/infinity , CPU infinity/infinity , DATA infinity/infinity , FSIZE infinity/infinity , MEMLOCK 8192k/8192k
load average: 1.63 1.31 1.30

/proc/meminfo:
MemTotal:        7933984 kB
MemFree:          153348 kB
MemAvailable:    3062076 kB
Buffers:            1904 kB
Cached:          3577708 kB
SwapCached:           56 kB
Active:          2605056 kB
Inactive:        4743080 kB
Active(anon):     227296 kB
Inactive(anon):  3994988 kB
Active(file):    2377760 kB
Inactive(file):   748092 kB
Unevictable:        8520 kB
Mlocked:            5824 kB
SwapTotal:       7933948 kB
SwapFree:        7910928 kB
Dirty:              2416 kB
Writeback:             0 kB
AnonPages:       3777696 kB
Mapped:           912236 kB
Shmem:            451572 kB
KReclaimable:      88904 kB
Slab:             255484 kB
SReclaimable:      88904 kB
SUnreclaim:       166580 kB
KernelStack:       17696 kB
PageTables:        44336 kB
NFS_Unstable:          0 kB
Bounce:                0 kB
WritebackTmp:          0 kB
CommitLimit:    11900940 kB
Committed_AS:   11758380 kB
VmallocTotal:   34359738367 kB
VmallocUsed:       74528 kB
VmallocChunk:          0 kB
Percpu:             8320 kB
HardwareCorrupted:     0 kB
AnonHugePages:         0 kB
ShmemHugePages:        0 kB
ShmemPmdMapped:        0 kB
FileHugePages:         0 kB
FilePmdMapped:         0 kB
CmaTotal:              0 kB
CmaFree:               0 kB
HugePages_Total:       0
HugePages_Free:        0
HugePages_Rsvd:        0
HugePages_Surp:        0
Hugepagesize:       2048 kB
Hugetlb:               0 kB
DirectMap4k:      506236 kB
DirectMap2M:     7682048 kB
DirectMap1G:     1048576 kB

/sys/kernel/mm/transparent_hugepage/enabled: always [madvise] never
/sys/kernel/mm/transparent_hugepage/defrag (defrag/compaction efforts parameter): always defer defer+madvise [madvise] never

Process Memory:
Virtual Size: 5687476K (peak: 5687476K)
Resident Set Size: 701208K (peak: 701208K) (anon: 670164K, file: 31012K, shmem: 32K)
Swapped out: 0K
C-Heap outstanding allocations: 592120K, retained: 9043K
glibc malloc tunables: (default)

/proc/sys/kernel/threads-max (system-wide limit on the number of threads): 61749
/proc/sys/vm/max_map_count (maximum number of memory map areas a process may have): 65530
/proc/sys/kernel/pid_max (system-wide limit on number of process identifiers): 4194304

container (cgroup) information:
container_type: cgroupv2
cpu_cpuset_cpus: not supported
cpu_memory_nodes: not supported
active_processor_count: 8
cpu_quota: no quota
cpu_period: 100000
cpu_shares: 8192
memory_limit_in_bytes: unlimited
memory_and_swap_limit_in_bytes: unlimited
memory_soft_limit_in_bytes: unlimited
memory_usage_in_bytes: 2089148 k
memory_max_usage_in_bytes: not supported
memory_swap_current_in_bytes: 4356 k
memory_swap_max_limit_in_bytes: unlimited
maximum number of tasks: 9262
current number of tasks: 281

Steal ticks since vm start: 0
Steal ticks percentage since vm start:  0.000

CPU: total 8 (initial active 8) (4 cores per cpu, 2 threads per core) family 6 model 142 stepping 12 microcode 0xec, cx8, cmov, fxsr, ht, mmx, 3dnowpref, sse, sse2, sse3, ssse3, sse4.1, sse4.2, popcnt, lzcnt, tsc, tscinvbit, avx, avx2, aes, erms, clmul, bmi1, bmi2, adx, fma, vzeroupper, clflush, clflushopt
CPU Model and flags from /proc/cpuinfo:
model name	: Intel(R) Core(TM) i5-10210U CPU @ 1.60GHz
flags		: fpu vme de pse tsc msr pae mce cx8 apic sep mtrr pge mca cmov pat pse36 clflush dts acpi mmx fxsr sse sse2 ss ht tm pbe syscall nx pdpe1gb rdtscp lm constant_tsc art arch_perfmon pebs bts rep_good nopl xtopology nonstop_tsc cpuid aperfmperf pni pclmulqdq dtes64 monitor ds_cpl vmx est tm2 ssse3 sdbg fma cx16 xtpr pdcm pcid sse4_1 sse4_2 x2apic movbe popcnt tsc_deadline_timer aes xsave avx f16c rdrand lahf_lm abm 3dnowprefetch cpuid_fault epb invpcid_single ssbd ibrs ibpb stibp ibrs_enhanced tpr_shadow vnmi flexpriority ept vpid ept_ad fsgsbase tsc_adjust bmi1 avx2 smep bmi2 erms invpcid mpx rdseed adx smap clflushopt intel_pt xsaveopt xsavec xgetbv1 xsaves dtherm ida arat pln pts hwp hwp_notify hwp_act_window hwp_epp md_clear flush_l1d arch_capabilities

Online cpus: 0-7
Offline cpus: 
BIOS frequency limitation: <Not Available>
Frequency switch latency (ns): 0
Available cpu frequencies: <Not Available>
Current governor: powersave
Core performance/turbo boost: <Not Available>

Memory: 4k page, physical 7933984k(157884k free), swap 7933948k(7910928k free)
Page Sizes: 4k

vm_info: OpenJDK 64-Bit Server VM (17.0.8.1+1) for linux-amd64 JRE (17.0.8.1+1), built on Aug 24 2023 00:00:00 by "admin" with gcc 10.3.0

END.
